<?xml version="1.0" encoding="UTF-8"?>
<testsuites name="test" time="10" tests="1" failures="0" errors="0">
   <testsuite name="test" tests="1" failures="0" errors="0" time="10" timestamp="2018-07-09 17:57:10" hostname="jmanzanares - YSPC-STRATAPPQA.YouSource.Forest" id="Test Suites/test">
      <properties>
         <property name="deviceName" value=""/>
         <property name="devicePlatform" value=""/>
         <property name="logFolder" value="C:\\Users\\jmanzanares\\git\\StartApp\\Reports\\test\\20180709_175704"/>
         <property name="logFiles" value="C:\\Users\\jmanzanares\\git\\StartApp\\Reports\\test\\20180709_175704\\execution0.log"/>
         <property name="attachments" value=""/>
         <property name="hostName" value="jmanzanares - YSPC-STRATAPPQA.YouSource.Forest"/>
         <property name="os" value="Windows 10 64bit"/>
         <property name="katalonVersion" value="5.4.2.1"/>
         <property name="browser" value="Chrome 67.0.3396.99"/>
         <property name="hostAddress" value="192.168.1.74"/>
         <property name="sessionId" value="657012b60b01b961cce761d96a9540a2"/>
         <property name="seleniumVersion" value="3.7.1"/>
         <property name="proxyInformation" value="ProxyInformation{proxyOption=NO_PROXY, proxyServerType=HTTP, password=, proxyServerAddress=, proxyServerPort=0}"/>
         <property name="platform" value="Windows 10"/>
      </properties>
      <testcase name="Test Cases/SCREEN_VERIFICATION/KPI/DASHBOARD/Verify if all elements are present" classname="Test Cases/SCREEN_VERIFICATION/KPI/DASHBOARD/Verify if all elements are present" status="PASSED">
         <system-out><![CDATA[2018-07-09 17:57:10 - [TEST_CASE][PASSED] - Test Cases/SCREEN_VERIFICATION/KPI/DASHBOARD/Verify if all elements are present: Test Cases/SCREEN_VERIFICATION/KPI/DASHBOARD/Verify if all elements are present

2018-07-09 17:57:10 - [TEST_STEP][PASSED] - openBrowser: Browser is opened with url: 'https://dev-app.stratapp.ai/strategy/strategic-plan'

2018-07-09 17:57:20 - [MESSAGE][PASSED] - Browser is opened with url: 'https://dev-app.stratapp.ai/strategy/strategic-plan']]></system-out>
         <system-err><![CDATA[]]></system-err>
      </testcase>
      <system-out><![CDATA[2018-07-09 17:57:10 - [TEST_SUITE][PASSED] - test: Test Cases/SCREEN_VERIFICATION/KPI/DASHBOARD/Verify if all elements are present]]></system-out>
      <system-err><![CDATA[]]></system-err>
   </testsuite>
</testsuites>
