<?xml version="1.0" encoding="UTF-8"?>
<testsuites name="test" time="34" tests="2" failures="1" errors="0">
   <testsuite name="test" tests="2" failures="1" errors="0" time="34" timestamp="2018-07-10 14:21:55" hostname="jmanzanares - YSPC-STRATAPPQA.YouSource.Forest" id="Test Suites/test">
      <properties>
         <property name="deviceName" value=""/>
         <property name="devicePlatform" value=""/>
         <property name="logFolder" value="C:\\Users\\jmanzanares\\git\\StartApp\\Reports\\test\\20180710_142150"/>
         <property name="logFiles" value="C:\\Users\\jmanzanares\\git\\StartApp\\Reports\\test\\20180710_142150\\execution0.log"/>
         <property name="attachments" value="C:\\Users\\jmanzanares\\git\\StartApp\\Reports\\test\\20180710_142150\\1531203749622.png"/>
         <property name="hostName" value="jmanzanares - YSPC-STRATAPPQA.YouSource.Forest"/>
         <property name="os" value="Windows 10 64bit"/>
         <property name="katalonVersion" value="5.4.2.1"/>
         <property name="browser" value="Chrome 67.0.3396.99"/>
         <property name="hostAddress" value="192.168.1.74"/>
         <property name="sessionId" value="bf228f9129e2059637a5a97d0ceea30e"/>
         <property name="seleniumVersion" value="3.7.1"/>
         <property name="proxyInformation" value="ProxyInformation{proxyOption=NO_PROXY, proxyServerType=HTTP, password=, proxyServerAddress=, proxyServerPort=0}"/>
         <property name="platform" value="Windows 10"/>
      </properties>
      <testcase name="Test Cases/LOGIN/TempLogin" classname="Test Cases/LOGIN/TempLogin" status="PASSED">
         <system-out><![CDATA[2018-07-10 14:21:55 - [TEST_CASE][PASSED] - Test Cases/LOGIN/TempLogin: Test Cases/LOGIN/TempLogin

2018-07-10 14:21:55 - [TEST_STEP][PASSED] - openBrowser: Browser is opened with url: 'https://dev-app.stratapp.ai/strategy/strategic-plan'

2018-07-10 14:22:11 - [MESSAGE][PASSED] - Browser is opened with url: 'https://dev-app.stratapp.ai/strategy/strategic-plan'

2018-07-10 14:22:11 - [TEST_STEP][PASSED] - maximizeWindow: Current window maximized

2018-07-10 14:22:13 - [MESSAGE][PASSED] - Current window maximized

2018-07-10 14:22:13 - [TEST_STEP][PASSED] - click: Object: 'Object Repository/Login/START_STRATEGISING_BUTTON' is clicked on

2018-07-10 14:22:13 - [MESSAGE][PASSED] - Object: 'Object Repository/Login/START_STRATEGISING_BUTTON' is clicked on

2018-07-10 14:22:13 - [TEST_STEP][PASSED] - sendKeys: Keys 'jmanzanares@you-source.com' sent to object: 'Object Repository/Login/EMAIL_TEXTFIELD'

2018-07-10 14:22:14 - [MESSAGE][PASSED] - Keys 'jmanzanares@you-source.com' sent to object: 'Object Repository/Login/EMAIL_TEXTFIELD'

2018-07-10 14:22:14 - [TEST_STEP][PASSED] - click: Object: 'Object Repository/Login/NEXT_BUTTON' is clicked on

2018-07-10 14:22:14 - [MESSAGE][PASSED] - Object: 'Object Repository/Login/NEXT_BUTTON' is clicked on

2018-07-10 14:22:14 - [TEST_STEP][PASSED] - waitForElementPresent: Object 'Object Repository/Login/PASSWORD_TEXTFIELD' is present

2018-07-10 14:22:16 - [MESSAGE][PASSED] - Object 'Object Repository/Login/PASSWORD_TEXTFIELD' is present

2018-07-10 14:22:16 - [TEST_STEP][PASSED] - sendKeys: Keys '07iwbiSPL13' sent to object: 'Object Repository/Login/PASSWORD_TEXTFIELD'

2018-07-10 14:22:17 - [MESSAGE][PASSED] - Keys '07iwbiSPL13' sent to object: 'Object Repository/Login/PASSWORD_TEXTFIELD'

2018-07-10 14:22:17 - [TEST_STEP][PASSED] - click: Object: 'Object Repository/Login/SIGN_IN_BUTTON' is clicked on

2018-07-10 14:22:25 - [MESSAGE][PASSED] - Object: 'Object Repository/Login/SIGN_IN_BUTTON' is clicked on

2018-07-10 14:22:25 - [TEST_STEP][PASSED] - waitForPageLoad: Wait for page load successfully

2018-07-10 14:22:25 - [MESSAGE][PASSED] - Wait for page load successfully]]></system-out>
         <system-err><![CDATA[]]></system-err>
      </testcase>
      <testcase name="Test Cases/SCREEN_VERIFICATION/KPI/DASHBOARD/Verify if all elements are present in KPIs Dashboard" classname="Test Cases/SCREEN_VERIFICATION/KPI/DASHBOARD/Verify if all elements are present in KPIs Dashboard" status="PASSED">
         <system-out><![CDATA[2018-07-10 14:22:25 - [TEST_CASE][PASSED] - Test Cases/SCREEN_VERIFICATION/KPI/DASHBOARD/Verify if all elements are present in KPIs Dashboard: Test Cases/SCREEN_VERIFICATION/KPI/DASHBOARD/Verify if all elements are present in KPIs Dashboard

2018-07-10 14:22:25 - [TEST_STEP][PASSED] - click: Object: 'Object Repository/HomePage/MENU/KPI_LINK' is clicked on

2018-07-10 14:22:25 - [MESSAGE][PASSED] - Object: 'Object Repository/HomePage/MENU/KPI_LINK' is clicked on

2018-07-10 14:22:25 - [TEST_STEP][PASSED] - waitForElementPresent: Object 'Object Repository/KPI/DASHBOARD/COMPANY_DASHBOARD/COMP_1YEAR_LINK' is present

2018-07-10 14:22:27 - [MESSAGE][PASSED] - Object 'Object Repository/KPI/DASHBOARD/COMPANY_DASHBOARD/COMP_1YEAR_LINK' is present

2018-07-10 14:22:27 - [TEST_STEP][PASSED] - verifyElementPresent: Object 'Object Repository/KPI/DASHBOARD/COMPANY_DASHBOARD/COMP_7DAYS_LINK' is present

2018-07-10 14:22:27 - [MESSAGE][PASSED] - Object 'Object Repository/KPI/DASHBOARD/COMPANY_DASHBOARD/COMP_7DAYS_LINK' is present

2018-07-10 14:22:27 - [TEST_STEP][PASSED] - callTestCase: Call Test Case 'Test Cases/SCREEN_VERIFICATION/KPI/Verify if KPIs topics were displayed' successfully

2018-07-10 14:22:27 - [TEST_CASE][PASSED] - Test Cases/SCREEN_VERIFICATION/KPI/Verify if KPIs topics were displayed: Test Cases/SCREEN_VERIFICATION/KPI/Verify if KPIs topics were displayed

2018-07-10 14:22:27 - [TEST_STEP][PASSED] - verifyElementPresent: Object 'Object Repository/KPI/TOPICS/DASHBOARD_LINK' is present

2018-07-10 14:22:27 - [MESSAGE][PASSED] - Object 'Object Repository/KPI/TOPICS/DASHBOARD_LINK' is present

2018-07-10 14:22:27 - [TEST_STEP][PASSED] - verifyElementPresent: Object 'Object Repository/KPI/TOPICS/MY_KPI_LINK' is present

2018-07-10 14:22:27 - [MESSAGE][PASSED] - Object 'Object Repository/KPI/TOPICS/MY_KPI_LINK' is present

2018-07-10 14:22:27 - [TEST_STEP][PASSED] - verifyElementPresent: Object 'Object Repository/KPI/TOPICS/SCORECARD_KPI_LINK' is present

2018-07-10 14:22:27 - [MESSAGE][PASSED] - Object 'Object Repository/KPI/TOPICS/SCORECARD_KPI_LINK' is present

2018-07-10 14:22:27 - [TEST_STEP][PASSED] - verifyElementPresent: Object 'Object Repository/KPI/TOPICS/STRATEGIC_KPI_LINK' is present

2018-07-10 14:22:27 - [MESSAGE][PASSED] - Object 'Object Repository/KPI/TOPICS/STRATEGIC_KPI_LINK' is present

2018-07-10 14:22:27 - [TEST_STEP][PASSED] - verifyElementPresent: Object 'Object Repository/KPI/TOPICS/TRENDING_LINK' is present

2018-07-10 14:22:27 - [MESSAGE][PASSED] - Object 'Object Repository/KPI/TOPICS/TRENDING_LINK' is present

2018-07-10 14:22:27 - [MESSAGE][PASSED] - Call Test Case 'Test Cases/SCREEN_VERIFICATION/KPI/Verify if KPIs topics were displayed' successfully

2018-07-10 14:22:27 - [TEST_STEP][PASSED] - verifyElementPresent: Object 'Object Repository/KPI/DASHBOARD/COMPANY_DASHBOARD/COMP_28DAYS_LINK' is present

2018-07-10 14:22:27 - [MESSAGE][PASSED] - Object 'Object Repository/KPI/DASHBOARD/COMPANY_DASHBOARD/COMP_28DAYS_LINK' is present

2018-07-10 14:22:27 - [TEST_STEP][PASSED] - verifyElementPresent: Object 'Object Repository/KPI/DASHBOARD/COMPANY_DASHBOARD/COMP_90DAYS_LINK' is present

2018-07-10 14:22:27 - [MESSAGE][PASSED] - Object 'Object Repository/KPI/DASHBOARD/COMPANY_DASHBOARD/COMP_90DAYS_LINK' is present

2018-07-10 14:22:27 - [TEST_STEP][PASSED] - verifyElementPresent: Object 'Object Repository/KPI/DASHBOARD/COMPANY_DASHBOARD/COMP_6MONTHS_LINK' is present

2018-07-10 14:22:27 - [MESSAGE][PASSED] - Object 'Object Repository/KPI/DASHBOARD/COMPANY_DASHBOARD/COMP_6MONTHS_LINK' is present

2018-07-10 14:22:27 - [TEST_STEP][PASSED] - verifyElementPresent: Object 'Object Repository/KPI/DASHBOARD/COMPANY_DASHBOARD/COMP_ALL_TIME_LINK' is present

2018-07-10 14:22:27 - [MESSAGE][PASSED] - Object 'Object Repository/KPI/DASHBOARD/COMPANY_DASHBOARD/COMP_ALL_TIME_LINK' is present

2018-07-10 14:22:27 - [TEST_STEP][PASSED] - verifyElementPresent: Object 'Object Repository/KPI/DASHBOARD/COMPANY_DASHBOARD/COMP_1YEAR_LINK' is present

2018-07-10 14:22:27 - [MESSAGE][PASSED] - Object 'Object Repository/KPI/DASHBOARD/COMPANY_DASHBOARD/COMP_1YEAR_LINK' is present

2018-07-10 14:22:27 - [TEST_STEP][PASSED] - verifyElementPresent: Object 'Object Repository/KPI/DASHBOARD/COMPANY_DASHBOARD/COMP_INTERACTIONS_BUTTON' is present

2018-07-10 14:22:27 - [MESSAGE][PASSED] - Object 'Object Repository/KPI/DASHBOARD/COMPANY_DASHBOARD/COMP_INTERACTIONS_BUTTON' is present

2018-07-10 14:22:27 - [TEST_STEP][PASSED] - verifyElementPresent: Object 'Object Repository/KPI/DASHBOARD/COMPANY_DASHBOARD/COMP_VIEWS_BUTTON' is present

2018-07-10 14:22:28 - [MESSAGE][PASSED] - Object 'Object Repository/KPI/DASHBOARD/COMPANY_DASHBOARD/COMP_VIEWS_BUTTON' is present

2018-07-10 14:22:28 - [TEST_STEP][PASSED] - verifyElementPresent: Object 'Object Repository/KPI/DASHBOARD/COMPANY_DASHBOARD/COMP_ON_TRACK_BUTTON' is present

2018-07-10 14:22:28 - [MESSAGE][PASSED] - Object 'Object Repository/KPI/DASHBOARD/COMPANY_DASHBOARD/COMP_ON_TRACK_BUTTON' is present

2018-07-10 14:22:28 - [TEST_STEP][PASSED] - verifyElementPresent: Object 'Object Repository/KPI/DASHBOARD/COMPANY_DASHBOARD/COMP_NEEDS_ACTION_BUTTON' is present

2018-07-10 14:22:28 - [MESSAGE][PASSED] - Object 'Object Repository/KPI/DASHBOARD/COMPANY_DASHBOARD/COMP_NEEDS_ACTION_BUTTON' is present

2018-07-10 14:22:28 - [TEST_STEP][PASSED] - verifyElementPresent: Object 'Object Repository/KPI/DASHBOARD/COMPANY_DASHBOARD/COMP_LATE_BUTTON' is present

2018-07-10 14:22:28 - [MESSAGE][PASSED] - Object 'Object Repository/KPI/DASHBOARD/COMPANY_DASHBOARD/COMP_LATE_BUTTON' is present

2018-07-10 14:22:28 - [TEST_STEP][PASSED] - verifyElementPresent: Object 'Object Repository/KPI/DASHBOARD/COMPANY_DASHBOARD/COMP_ACHIEVED_BUTTON' is present

2018-07-10 14:22:28 - [MESSAGE][PASSED] - Object 'Object Repository/KPI/DASHBOARD/COMPANY_DASHBOARD/COMP_ACHIEVED_BUTTON' is present

2018-07-10 14:22:28 - [TEST_STEP][PASSED] - verifyElementPresent: Object 'Object Repository/KPI/DASHBOARD/COMPANY_DASHBOARD/COMP_ON_TRACK_LINK' is present

2018-07-10 14:22:28 - [MESSAGE][PASSED] - Object 'Object Repository/KPI/DASHBOARD/COMPANY_DASHBOARD/COMP_ON_TRACK_LINK' is present

2018-07-10 14:22:28 - [TEST_STEP][PASSED] - verifyElementPresent: Object 'Object Repository/KPI/DASHBOARD/COMPANY_DASHBOARD/COMP_NEEDS_ACTION_LINK' is present

2018-07-10 14:22:28 - [MESSAGE][PASSED] - Object 'Object Repository/KPI/DASHBOARD/COMPANY_DASHBOARD/COMP_NEEDS_ACTION_LINK' is present

2018-07-10 14:22:28 - [TEST_STEP][PASSED] - verifyElementPresent: Object 'Object Repository/KPI/DASHBOARD/COMPANY_DASHBOARD/COMP_LATE_LINK' is present

2018-07-10 14:22:28 - [MESSAGE][PASSED] - Object 'Object Repository/KPI/DASHBOARD/COMPANY_DASHBOARD/COMP_LATE_LINK' is present

2018-07-10 14:22:28 - [TEST_STEP][PASSED] - verifyElementPresent: Object 'Object Repository/KPI/DASHBOARD/COMPANY_DASHBOARD/COMP_ACHIEVED_LINK' is present

2018-07-10 14:22:28 - [MESSAGE][PASSED] - Object 'Object Repository/KPI/DASHBOARD/COMPANY_DASHBOARD/COMP_ACHIEVED_LINK' is present

2018-07-10 14:22:28 - [TEST_STEP][PASSED] - verifyElementPresent: Object 'Object Repository/KPI/DASHBOARD/ME_DASHBOARD/ME_7DAYS_LINK' is present

2018-07-10 14:22:28 - [MESSAGE][PASSED] - Object 'Object Repository/KPI/DASHBOARD/ME_DASHBOARD/ME_7DAYS_LINK' is present

2018-07-10 14:22:28 - [TEST_STEP][PASSED] - verifyElementPresent: Object 'Object Repository/KPI/DASHBOARD/ME_DASHBOARD/ME_28DAYS_LINK' is present

2018-07-10 14:22:28 - [MESSAGE][PASSED] - Object 'Object Repository/KPI/DASHBOARD/ME_DASHBOARD/ME_28DAYS_LINK' is present

2018-07-10 14:22:28 - [TEST_STEP][PASSED] - verifyElementPresent: Object 'Object Repository/KPI/DASHBOARD/ME_DASHBOARD/ME_90DAYS_LINK' is present

2018-07-10 14:22:28 - [MESSAGE][PASSED] - Object 'Object Repository/KPI/DASHBOARD/ME_DASHBOARD/ME_90DAYS_LINK' is present

2018-07-10 14:22:28 - [TEST_STEP][PASSED] - verifyElementPresent: Object 'Object Repository/KPI/DASHBOARD/ME_DASHBOARD/ME_6MONTHS_LINK' is present

2018-07-10 14:22:28 - [MESSAGE][PASSED] - Object 'Object Repository/KPI/DASHBOARD/ME_DASHBOARD/ME_6MONTHS_LINK' is present

2018-07-10 14:22:28 - [TEST_STEP][PASSED] - verifyElementPresent: Object 'Object Repository/KPI/DASHBOARD/ME_DASHBOARD/ME_1YEAR_LINK' is present

2018-07-10 14:22:28 - [MESSAGE][PASSED] - Object 'Object Repository/KPI/DASHBOARD/ME_DASHBOARD/ME_1YEAR_LINK' is present

2018-07-10 14:22:28 - [TEST_STEP][PASSED] - verifyElementPresent: Object 'Object Repository/KPI/DASHBOARD/ME_DASHBOARD/ME_ALL_TIME_LINK' is present

2018-07-10 14:22:28 - [MESSAGE][PASSED] - Object 'Object Repository/KPI/DASHBOARD/ME_DASHBOARD/ME_ALL_TIME_LINK' is present

2018-07-10 14:22:28 - [TEST_STEP][PASSED] - verifyElementPresent: Object 'Object Repository/KPI/DASHBOARD/ME_DASHBOARD/ME_INTERACTIONS_BUTTON' is present

2018-07-10 14:22:28 - [MESSAGE][PASSED] - Object 'Object Repository/KPI/DASHBOARD/ME_DASHBOARD/ME_INTERACTIONS_BUTTON' is present

2018-07-10 14:22:28 - [TEST_STEP][PASSED] - verifyElementPresent: Object 'Object Repository/KPI/DASHBOARD/ME_DASHBOARD/ME_VIEWS_BUTTON' is present

2018-07-10 14:22:28 - [MESSAGE][PASSED] - Object 'Object Repository/KPI/DASHBOARD/ME_DASHBOARD/ME_VIEWS_BUTTON' is present

2018-07-10 14:22:28 - [TEST_STEP][PASSED] - verifyElementPresent: Object 'Object Repository/KPI/DASHBOARD/ME_DASHBOARD/ME_ON_TRACK_BUTTON' is present

2018-07-10 14:22:28 - [MESSAGE][PASSED] - Object 'Object Repository/KPI/DASHBOARD/ME_DASHBOARD/ME_ON_TRACK_BUTTON' is present

2018-07-10 14:22:28 - [TEST_STEP][PASSED] - verifyElementPresent: Object 'Object Repository/KPI/DASHBOARD/ME_DASHBOARD/ME_NEEDS_ACTION_BUTTON' is present

2018-07-10 14:22:28 - [MESSAGE][PASSED] - Object 'Object Repository/KPI/DASHBOARD/ME_DASHBOARD/ME_NEEDS_ACTION_BUTTON' is present

2018-07-10 14:22:28 - [TEST_STEP][PASSED] - verifyElementPresent: Object 'Object Repository/KPI/DASHBOARD/ME_DASHBOARD/ME_LATE_BUTTON' is present

2018-07-10 14:22:28 - [MESSAGE][PASSED] - Object 'Object Repository/KPI/DASHBOARD/ME_DASHBOARD/ME_LATE_BUTTON' is present

2018-07-10 14:22:28 - [TEST_STEP][PASSED] - verifyElementPresent: Object 'Object Repository/KPI/DASHBOARD/ME_DASHBOARD/ME_ACHIEVED_BUTTON' is present

2018-07-10 14:22:28 - [MESSAGE][PASSED] - Object 'Object Repository/KPI/DASHBOARD/ME_DASHBOARD/ME_ACHIEVED_BUTTON' is present

2018-07-10 14:22:28 - [TEST_STEP][PASSED] - verifyElementPresent: Object 'Object Repository/KPI/DASHBOARD/ME_DASHBOARD/ME_ON_TRACK_LINK' is present

2018-07-10 14:22:28 - [MESSAGE][PASSED] - Object 'Object Repository/KPI/DASHBOARD/ME_DASHBOARD/ME_ON_TRACK_LINK' is present

2018-07-10 14:22:28 - [TEST_STEP][PASSED] - verifyElementPresent: Object 'Object Repository/KPI/DASHBOARD/ME_DASHBOARD/ME_NEEDS_ACTION_LINK' is present

2018-07-10 14:22:28 - [MESSAGE][PASSED] - Object 'Object Repository/KPI/DASHBOARD/ME_DASHBOARD/ME_NEEDS_ACTION_LINK' is present

2018-07-10 14:22:28 - [TEST_STEP][PASSED] - verifyElementPresent: Object 'Object Repository/KPI/DASHBOARD/ME_DASHBOARD/ME_LATE_LINK' is present

2018-07-10 14:22:28 - [MESSAGE][PASSED] - Object 'Object Repository/KPI/DASHBOARD/ME_DASHBOARD/ME_LATE_LINK' is present

2018-07-10 14:22:28 - [TEST_STEP][PASSED] - verifyElementPresent: Object 'Object Repository/KPI/DASHBOARD/ME_DASHBOARD/ME_ACHIEVED_LINK' is present

2018-07-10 14:22:28 - [MESSAGE][PASSED] - Object 'Object Repository/KPI/DASHBOARD/ME_DASHBOARD/ME_ACHIEVED_LINK' is present

2018-07-10 14:22:28 - [TEST_STEP][PASSED] - callTestCase: Call Test Case 'Test Cases/SCREEN_VERIFICATION/SOCIAL/Verify if all elements are present in Social' successfully

2018-07-10 14:22:28 - [TEST_CASE][PASSED] - Test Cases/SCREEN_VERIFICATION/SOCIAL/Verify if all elements are present in Social: Test Cases/SCREEN_VERIFICATION/SOCIAL/Verify if all elements are present in Social

2018-07-10 14:22:28 - [TEST_STEP][PASSED] - verifyElementPresent: Object 'Object Repository/SOCIALS/COMMENTS/ADD_COMMENT_TEXTFIELD' is present

2018-07-10 14:22:29 - [MESSAGE][PASSED] - Object 'Object Repository/SOCIALS/COMMENTS/ADD_COMMENT_TEXTFIELD' is present

2018-07-10 14:22:29 - [TEST_STEP][PASSED] - click: Object: 'Object Repository/SOCIALS/COMMENTS/COMMENT_BUTTON' is clicked on

2018-07-10 14:22:29 - [MESSAGE][PASSED] - Object: 'Object Repository/SOCIALS/COMMENTS/COMMENT_BUTTON' is clicked on

2018-07-10 14:22:29 - [TEST_STEP][PASSED] - verifyElementPresent: Object 'Object Repository/SOCIALS/COMMENTS/REQUEST_APPROVAL_BUTTON' is present

2018-07-10 14:22:29 - [MESSAGE][PASSED] - Object 'Object Repository/SOCIALS/COMMENTS/REQUEST_APPROVAL_BUTTON' is present

2018-07-10 14:22:29 - [TEST_STEP][PASSED] - verifyElementPresent: Object 'Object Repository/SOCIALS/COMMENTS/REQUEST_DECISION_BUTTON' is present

2018-07-10 14:22:29 - [MESSAGE][PASSED] - Object 'Object Repository/SOCIALS/COMMENTS/REQUEST_DECISION_BUTTON' is present

2018-07-10 14:22:29 - [TEST_STEP][PASSED] - verifyElementPresent: Object 'Object Repository/SOCIALS/COMMENTS/REQUEST_NOTE_BUTTON' is present

2018-07-10 14:22:29 - [MESSAGE][PASSED] - Object 'Object Repository/SOCIALS/COMMENTS/REQUEST_NOTE_BUTTON' is present

2018-07-10 14:22:29 - [TEST_STEP][PASSED] - verifyElementPresent: Object 'Object Repository/SOCIALS/COMMENTS/REQUEST_RESPONSE_BUTTON' is present

2018-07-10 14:22:29 - [MESSAGE][PASSED] - Object 'Object Repository/SOCIALS/COMMENTS/REQUEST_RESPONSE_BUTTON' is present

2018-07-10 14:22:29 - [TEST_STEP][PASSED] - verifyElementPresent: Object 'Object Repository/SOCIALS/COMMENTS/RESPONSE_AGREE_BUTTON' is present

2018-07-10 14:22:29 - [MESSAGE][PASSED] - Object 'Object Repository/SOCIALS/COMMENTS/RESPONSE_AGREE_BUTTON' is present

2018-07-10 14:22:29 - [TEST_STEP][PASSED] - verifyElementPresent: Object 'Object Repository/SOCIALS/COMMENTS/RESPONSE_APPROVAL_BUTTON' is present

2018-07-10 14:22:29 - [MESSAGE][PASSED] - Object 'Object Repository/SOCIALS/COMMENTS/RESPONSE_APPROVAL_BUTTON' is present

2018-07-10 14:22:29 - [TEST_STEP][PASSED] - verifyElementPresent: Object 'Object Repository/SOCIALS/COMMENTS/RESPONSE_COMMENT_BUTTON' is present

2018-07-10 14:22:29 - [MESSAGE][PASSED] - Object 'Object Repository/SOCIALS/COMMENTS/RESPONSE_COMMENT_BUTTON' is present

2018-07-10 14:22:29 - [TEST_STEP][PASSED] - verifyElementPresent: Object 'Object Repository/SOCIALS/COMMENTS/RESPONSE_DECISION_BUTTON' is present

2018-07-10 14:22:29 - [MESSAGE][PASSED] - Object 'Object Repository/SOCIALS/COMMENTS/RESPONSE_DECISION_BUTTON' is present

2018-07-10 14:22:29 - [TEST_STEP][PASSED] - verifyElementPresent: Object 'Object Repository/SOCIALS/COMMENTS/RESPONSE_DISAGREE_BUTTON' is present

2018-07-10 14:22:29 - [MESSAGE][PASSED] - Object 'Object Repository/SOCIALS/COMMENTS/RESPONSE_DISAGREE_BUTTON' is present

2018-07-10 14:22:29 - [TEST_STEP][PASSED] - verifyElementPresent: Object 'Object Repository/SOCIALS/COMMENTS/RESPONSE_NOTE_BUTTON' is present

2018-07-10 14:22:29 - [MESSAGE][PASSED] - Object 'Object Repository/SOCIALS/COMMENTS/RESPONSE_NOTE_BUTTON' is present

2018-07-10 14:22:29 - [TEST_STEP][PASSED] - verifyElementPresent: Object 'Object Repository/SOCIALS/COMMENTS/RESPONSE_QUESTION_BUTTON' is present

2018-07-10 14:22:29 - [MESSAGE][PASSED] - Object 'Object Repository/SOCIALS/COMMENTS/RESPONSE_QUESTION_BUTTON' is present

2018-07-10 14:22:29 - [TEST_STEP][PASSED] - verifyElementPresent: Object 'Object Repository/SOCIALS/COMMENTS/RESPONSE_TASK_BUTTON' is present

2018-07-10 14:22:29 - [MESSAGE][PASSED] - Object 'Object Repository/SOCIALS/COMMENTS/RESPONSE_TASK_BUTTON' is present

2018-07-10 14:22:29 - [MESSAGE][PASSED] - Call Test Case 'Test Cases/SCREEN_VERIFICATION/SOCIAL/Verify if all elements are present in Social' successfully]]></system-out>
         <system-err><![CDATA[]]></system-err>
      </testcase>
      <testcase name="Test Cases/SCREEN_VERIFICATION/KPI/TRENDING/Verify if all elements are present in KPIs Trending" classname="Test Cases/SCREEN_VERIFICATION/KPI/TRENDING/Verify if all elements are present in KPIs Trending" status="FAILED">
         <failure type="FAILED" message="Unable to click on object 'Object Repository/HomePage/MENU/KPI_LINK' (Root cause: org.openqa.selenium.ElementNotVisibleException: element not visible
  (Session info: chrome=67.0.3396.99)
  (Driver info: chromedriver=2.35.528161 (5b82f2d2aae0ca24b877009200ced9065a772e73),platform=Windows NT 10.0.14393 x86_64) (WARNING: The server did not provide any stacktrace information)
Command duration or timeout: 0 milliseconds
Build info: version: '3.7.1', revision: '8a0099a', time: '2017-11-06T21:07:36.161Z'
System info: host: 'YSPC-STRATAPPQA', ip: '192.168.1.74', os.name: 'Windows 10', os.arch: 'amd64', os.version: '10.0', java.version: '1.8.0_102'
Driver info: com.kms.katalon.selenium.driver.CChromeDriver
Capabilities {acceptInsecureCerts: false, acceptSslCerts: false, applicationCacheEnabled: false, browserConnectionEnabled: false, browserName: chrome, chrome: {chromedriverVersion: 2.35.528161 (5b82f2d2aae0ca..., userDataDir: C:\Users\JMANZA~1\AppData\L...}, cssSelectorsEnabled: true, databaseEnabled: false, handlesAlerts: true, hasTouchScreen: false, javascriptEnabled: true, locationContextEnabled: true, mobileEmulationEnabled: false, nativeEvents: true, networkConnectionEnabled: false, pageLoadStrategy: normal, platform: XP, platformName: XP, rotatable: false, setWindowRect: true, takesHeapSnapshot: true, takesScreenshot: true, unexpectedAlertBehaviour: , unhandledPromptBehavior: , version: 67.0.3396.99, webStorageEnabled: true}
Session ID: bf228f9129e2059637a5a97d0ceea30e)"/>
         <system-out><![CDATA[2018-07-10 14:22:29 - [TEST_CASE][FAILED] - Test Cases/SCREEN_VERIFICATION/KPI/TRENDING/Verify if all elements are present in KPIs Trending: Test Cases/SCREEN_VERIFICATION/KPI/TRENDING/Verify if all elements are present in KPIs Trending FAILED because (of) Unable to click on object 'Object Repository/HomePage/MENU/KPI_LINK' (Root cause: org.openqa.selenium.ElementNotVisibleException: element not visible
  (Session info: chrome=67.0.3396.99)
  (Driver info: chromedriver=2.35.528161 (5b82f2d2aae0ca24b877009200ced9065a772e73),platform=Windows NT 10.0.14393 x86_64) (WARNING: The server did not provide any stacktrace information)
Command duration or timeout: 0 milliseconds
Build info: version: '3.7.1', revision: '8a0099a', time: '2017-11-06T21:07:36.161Z'
System info: host: 'YSPC-STRATAPPQA', ip: '192.168.1.74', os.name: 'Windows 10', os.arch: 'amd64', os.version: '10.0', java.version: '1.8.0_102'
Driver info: com.kms.katalon.selenium.driver.CChromeDriver
Capabilities {acceptInsecureCerts: false, acceptSslCerts: false, applicationCacheEnabled: false, browserConnectionEnabled: false, browserName: chrome, chrome: {chromedriverVersion: 2.35.528161 (5b82f2d2aae0ca..., userDataDir: C:\Users\JMANZA~1\AppData\L...}, cssSelectorsEnabled: true, databaseEnabled: false, handlesAlerts: true, hasTouchScreen: false, javascriptEnabled: true, locationContextEnabled: true, mobileEmulationEnabled: false, nativeEvents: true, networkConnectionEnabled: false, pageLoadStrategy: normal, platform: XP, platformName: XP, rotatable: false, setWindowRect: true, takesHeapSnapshot: true, takesScreenshot: true, unexpectedAlertBehaviour: , unhandledPromptBehavior: , version: 67.0.3396.99, webStorageEnabled: true}
Session ID: bf228f9129e2059637a5a97d0ceea30e)

2018-07-10 14:22:29 - [TEST_STEP][FAILED] - click: Unable to click on object 'Object Repository/HomePage/MENU/KPI_LINK' (Root cause: org.openqa.selenium.ElementNotVisibleException: element not visible
  (Session info: chrome=67.0.3396.99)
  (Driver info: chromedriver=2.35.528161 (5b82f2d2aae0ca24b877009200ced9065a772e73),platform=Windows NT 10.0.14393 x86_64) (WARNING: The server did not provide any stacktrace information)
Command duration or timeout: 0 milliseconds
Build info: version: '3.7.1', revision: '8a0099a', time: '2017-11-06T21:07:36.161Z'
System info: host: 'YSPC-STRATAPPQA', ip: '192.168.1.74', os.name: 'Windows 10', os.arch: 'amd64', os.version: '10.0', java.version: '1.8.0_102'
Driver info: com.kms.katalon.selenium.driver.CChromeDriver
Capabilities {acceptInsecureCerts: false, acceptSslCerts: false, applicationCacheEnabled: false, browserConnectionEnabled: false, browserName: chrome, chrome: {chromedriverVersion: 2.35.528161 (5b82f2d2aae0ca..., userDataDir: C:\Users\JMANZA~1\AppData\L...}, cssSelectorsEnabled: true, databaseEnabled: false, handlesAlerts: true, hasTouchScreen: false, javascriptEnabled: true, locationContextEnabled: true, mobileEmulationEnabled: false, nativeEvents: true, networkConnectionEnabled: false, pageLoadStrategy: normal, platform: XP, platformName: XP, rotatable: false, setWindowRect: true, takesHeapSnapshot: true, takesScreenshot: true, unexpectedAlertBehaviour: , unhandledPromptBehavior: , version: 67.0.3396.99, webStorageEnabled: true}
Session ID: bf228f9129e2059637a5a97d0ceea30e)

2018-07-10 14:22:30 - [MESSAGE][FAILED] - Unable to click on object 'Object Repository/HomePage/MENU/KPI_LINK' (Root cause: org.openqa.selenium.ElementNotVisibleException: element not visible
  (Session info: chrome=67.0.3396.99)
  (Driver info: chromedriver=2.35.528161 (5b82f2d2aae0ca24b877009200ced9065a772e73),platform=Windows NT 10.0.14393 x86_64) (WARNING: The server did not provide any stacktrace information)
Command duration or timeout: 0 milliseconds
Build info: version: '3.7.1', revision: '8a0099a', time: '2017-11-06T21:07:36.161Z'
System info: host: 'YSPC-STRATAPPQA', ip: '192.168.1.74', os.name: 'Windows 10', os.arch: 'amd64', os.version: '10.0', java.version: '1.8.0_102'
Driver info: com.kms.katalon.selenium.driver.CChromeDriver
Capabilities {acceptInsecureCerts: false, acceptSslCerts: false, applicationCacheEnabled: false, browserConnectionEnabled: false, browserName: chrome, chrome: {chromedriverVersion: 2.35.528161 (5b82f2d2aae0ca..., userDataDir: C:\Users\JMANZA~1\AppData\L...}, cssSelectorsEnabled: true, databaseEnabled: false, handlesAlerts: true, hasTouchScreen: false, javascriptEnabled: true, locationContextEnabled: true, mobileEmulationEnabled: false, nativeEvents: true, networkConnectionEnabled: false, pageLoadStrategy: normal, platform: XP, platformName: XP, rotatable: false, setWindowRect: true, takesHeapSnapshot: true, takesScreenshot: true, unexpectedAlertBehaviour: , unhandledPromptBehavior: , version: 67.0.3396.99, webStorageEnabled: true}
Session ID: bf228f9129e2059637a5a97d0ceea30e)
[[ATTACHMENT|C:\\Users\\jmanzanares\\git\\StartApp\\Reports\\test\\20180710_142150\\1531203749622.png]]]]></system-out>
         <system-err><![CDATA[2018-07-10 14:22:29 - [TEST_CASE][FAILED] - Test Cases/SCREEN_VERIFICATION/KPI/TRENDING/Verify if all elements are present in KPIs Trending: Test Cases/SCREEN_VERIFICATION/KPI/TRENDING/Verify if all elements are present in KPIs Trending FAILED because (of) Unable to click on object 'Object Repository/HomePage/MENU/KPI_LINK' (Root cause: org.openqa.selenium.ElementNotVisibleException: element not visible
  (Session info: chrome=67.0.3396.99)
  (Driver info: chromedriver=2.35.528161 (5b82f2d2aae0ca24b877009200ced9065a772e73),platform=Windows NT 10.0.14393 x86_64) (WARNING: The server did not provide any stacktrace information)
Command duration or timeout: 0 milliseconds
Build info: version: '3.7.1', revision: '8a0099a', time: '2017-11-06T21:07:36.161Z'
System info: host: 'YSPC-STRATAPPQA', ip: '192.168.1.74', os.name: 'Windows 10', os.arch: 'amd64', os.version: '10.0', java.version: '1.8.0_102'
Driver info: com.kms.katalon.selenium.driver.CChromeDriver
Capabilities {acceptInsecureCerts: false, acceptSslCerts: false, applicationCacheEnabled: false, browserConnectionEnabled: false, browserName: chrome, chrome: {chromedriverVersion: 2.35.528161 (5b82f2d2aae0ca..., userDataDir: C:\Users\JMANZA~1\AppData\L...}, cssSelectorsEnabled: true, databaseEnabled: false, handlesAlerts: true, hasTouchScreen: false, javascriptEnabled: true, locationContextEnabled: true, mobileEmulationEnabled: false, nativeEvents: true, networkConnectionEnabled: false, pageLoadStrategy: normal, platform: XP, platformName: XP, rotatable: false, setWindowRect: true, takesHeapSnapshot: true, takesScreenshot: true, unexpectedAlertBehaviour: , unhandledPromptBehavior: , version: 67.0.3396.99, webStorageEnabled: true}
Session ID: bf228f9129e2059637a5a97d0ceea30e)]]></system-err>
      </testcase>
      <system-out><![CDATA[2018-07-10 14:21:55 - [TEST_SUITE][FAILED] - test: Test Cases/SCREEN_VERIFICATION/KPI/TRENDING/Verify if all elements are present in KPIs Trending FAILED because (of) Unable to click on object 'Object Repository/HomePage/MENU/KPI_LINK' (Root cause: org.openqa.selenium.ElementNotVisibleException: element not visible
  (Session info: chrome=67.0.3396.99)
  (Driver info: chromedriver=2.35.528161 (5b82f2d2aae0ca24b877009200ced9065a772e73),platform=Windows NT 10.0.14393 x86_64) (WARNING: The server did not provide any stacktrace information)
Command duration or timeout: 0 milliseconds
Build info: version: '3.7.1', revision: '8a0099a', time: '2017-11-06T21:07:36.161Z'
System info: host: 'YSPC-STRATAPPQA', ip: '192.168.1.74', os.name: 'Windows 10', os.arch: 'amd64', os.version: '10.0', java.version: '1.8.0_102'
Driver info: com.kms.katalon.selenium.driver.CChromeDriver
Capabilities {acceptInsecureCerts: false, acceptSslCerts: false, applicationCacheEnabled: false, browserConnectionEnabled: false, browserName: chrome, chrome: {chromedriverVersion: 2.35.528161 (5b82f2d2aae0ca..., userDataDir: C:\Users\JMANZA~1\AppData\L...}, cssSelectorsEnabled: true, databaseEnabled: false, handlesAlerts: true, hasTouchScreen: false, javascriptEnabled: true, locationContextEnabled: true, mobileEmulationEnabled: false, nativeEvents: true, networkConnectionEnabled: false, pageLoadStrategy: normal, platform: XP, platformName: XP, rotatable: false, setWindowRect: true, takesHeapSnapshot: true, takesScreenshot: true, unexpectedAlertBehaviour: , unhandledPromptBehavior: , version: 67.0.3396.99, webStorageEnabled: true}
Session ID: bf228f9129e2059637a5a97d0ceea30e)]]></system-out>
      <system-err><![CDATA[2018-07-10 14:21:55 - [TEST_SUITE][FAILED] - test: Test Cases/SCREEN_VERIFICATION/KPI/TRENDING/Verify if all elements are present in KPIs Trending FAILED because (of) Unable to click on object 'Object Repository/HomePage/MENU/KPI_LINK' (Root cause: org.openqa.selenium.ElementNotVisibleException: element not visible
  (Session info: chrome=67.0.3396.99)
  (Driver info: chromedriver=2.35.528161 (5b82f2d2aae0ca24b877009200ced9065a772e73),platform=Windows NT 10.0.14393 x86_64) (WARNING: The server did not provide any stacktrace information)
Command duration or timeout: 0 milliseconds
Build info: version: '3.7.1', revision: '8a0099a', time: '2017-11-06T21:07:36.161Z'
System info: host: 'YSPC-STRATAPPQA', ip: '192.168.1.74', os.name: 'Windows 10', os.arch: 'amd64', os.version: '10.0', java.version: '1.8.0_102'
Driver info: com.kms.katalon.selenium.driver.CChromeDriver
Capabilities {acceptInsecureCerts: false, acceptSslCerts: false, applicationCacheEnabled: false, browserConnectionEnabled: false, browserName: chrome, chrome: {chromedriverVersion: 2.35.528161 (5b82f2d2aae0ca..., userDataDir: C:\Users\JMANZA~1\AppData\L...}, cssSelectorsEnabled: true, databaseEnabled: false, handlesAlerts: true, hasTouchScreen: false, javascriptEnabled: true, locationContextEnabled: true, mobileEmulationEnabled: false, nativeEvents: true, networkConnectionEnabled: false, pageLoadStrategy: normal, platform: XP, platformName: XP, rotatable: false, setWindowRect: true, takesHeapSnapshot: true, takesScreenshot: true, unexpectedAlertBehaviour: , unhandledPromptBehavior: , version: 67.0.3396.99, webStorageEnabled: true}
Session ID: bf228f9129e2059637a5a97d0ceea30e)]]></system-err>
   </testsuite>
</testsuites>
