<?xml version="1.0" encoding="UTF-8"?>
<testsuites name="test" time="43" tests="1" failures="0" errors="0">
   <testsuite name="test" tests="1" failures="0" errors="0" time="43" timestamp="2018-07-09 18:17:50" hostname="jmanzanares - YSPC-STRATAPPQA.YouSource.Forest" id="Test Suites/test">
      <properties>
         <property name="deviceName" value=""/>
         <property name="devicePlatform" value=""/>
         <property name="logFolder" value="C:\\Users\\jmanzanares\\git\\StartApp\\Reports\\test\\20180709_181745"/>
         <property name="logFiles" value="C:\\Users\\jmanzanares\\git\\StartApp\\Reports\\test\\20180709_181745\\execution0.log"/>
         <property name="attachments" value=""/>
         <property name="hostName" value="jmanzanares - YSPC-STRATAPPQA.YouSource.Forest"/>
         <property name="os" value="Windows 10 64bit"/>
         <property name="katalonVersion" value="5.4.2.1"/>
         <property name="browser" value="Chrome 67.0.3396.99"/>
         <property name="hostAddress" value="192.168.1.74"/>
         <property name="sessionId" value="ccdf36853693ac3b31875435a85e2b57"/>
         <property name="seleniumVersion" value="3.7.1"/>
         <property name="proxyInformation" value="ProxyInformation{proxyOption=NO_PROXY, proxyServerType=HTTP, password=, proxyServerAddress=, proxyServerPort=0}"/>
         <property name="platform" value="Windows 10"/>
      </properties>
      <testcase name="Test Cases/SCREEN_VERIFICATION/KPI/DASHBOARD/Verify if all elements are present" classname="Test Cases/SCREEN_VERIFICATION/KPI/DASHBOARD/Verify if all elements are present" status="PASSED">
         <system-out><![CDATA[2018-07-09 18:17:50 - [TEST_CASE][PASSED] - Test Cases/SCREEN_VERIFICATION/KPI/DASHBOARD/Verify if all elements are present: Test Cases/SCREEN_VERIFICATION/KPI/DASHBOARD/Verify if all elements are present

2018-07-09 18:17:50 - [TEST_STEP][PASSED] - openBrowser: Browser is opened with url: 'https://dev-app.stratapp.ai/strategy/strategic-plan'

2018-07-09 18:18:00 - [MESSAGE][PASSED] - Browser is opened with url: 'https://dev-app.stratapp.ai/strategy/strategic-plan'

2018-07-09 18:18:00 - [TEST_STEP][PASSED] - waitForPageLoad: Wait for page load successfully

2018-07-09 18:18:00 - [MESSAGE][PASSED] - Wait for page load successfully

2018-07-09 18:18:00 - [TEST_STEP][PASSED] - waitForElementPresent: Object 'Object Repository/HomePage/MENU/STRATEGY_LINK' is not present after 30 second(s)

2018-07-09 18:18:33 - [MESSAGE][WARNING] - Object 'Object Repository/HomePage/MENU/STRATEGY_LINK' is not present after 30 second(s)]]></system-out>
         <system-err><![CDATA[]]></system-err>
      </testcase>
      <system-out><![CDATA[2018-07-09 18:17:50 - [TEST_SUITE][PASSED] - test: Test Cases/SCREEN_VERIFICATION/KPI/DASHBOARD/Verify if all elements are present]]></system-out>
      <system-err><![CDATA[]]></system-err>
   </testsuite>
</testsuites>
