<?xml version="1.0" encoding="UTF-8"?>
<testsuites name="test" time="0" tests="0" failures="1" errors="0">
   <testsuite name="test" tests="0" failures="1" errors="0" time="0" timestamp="2018-07-09 17:48:05" hostname="jmanzanares - YSPC-STRATAPPQA.YouSource.Forest" id="Test Suites/test">
      <properties>
         <property name="deviceName" value=""/>
         <property name="devicePlatform" value=""/>
         <property name="logFolder" value="C:\\Users\\jmanzanares\\git\\StartApp\\Reports\\test\\20180709_174800"/>
         <property name="logFiles" value="C:\\Users\\jmanzanares\\git\\StartApp\\Reports\\test\\20180709_174800\\execution0.log"/>
         <property name="attachments" value=""/>
         <property name="hostName" value="jmanzanares - YSPC-STRATAPPQA.YouSource.Forest"/>
         <property name="hostAddress" value="192.168.1.74"/>
         <property name="os" value="Windows 10 64bit"/>
         <property name="katalonVersion" value="5.4.2.1"/>
      </properties>
      <testcase name="Test Cases/SCREEN_VERIFICATION/KPI/DASHBOARD/Verify if all elements are present" classname="Test Cases/SCREEN_VERIFICATION/KPI/DASHBOARD/Verify if all elements are present" status="FAILED">
         <failure type="FAILED" message="Unable to navigate to 'https://dev-app.stratapp.ai/strategy/strategic-plan' (Root cause: com.kms.katalon.core.webui.exception.BrowserNotOpenedException: Browser is not opened
Build info: version: '3.7.1', revision: '8a0099a', time: '2017-11-06T21:07:36.161Z'
System info: host: 'YSPC-STRATAPPQA', ip: '192.168.1.74', os.name: 'Windows 10', os.arch: 'amd64', os.version: '10.0', java.version: '1.8.0_102'
Driver info: driver.version: unknown)"/>
         <system-out><![CDATA[2018-07-09 17:48:05 - [TEST_CASE][FAILED] - Test Cases/SCREEN_VERIFICATION/KPI/DASHBOARD/Verify if all elements are present: Test Cases/SCREEN_VERIFICATION/KPI/DASHBOARD/Verify if all elements are present FAILED because (of) Unable to navigate to 'https://dev-app.stratapp.ai/strategy/strategic-plan' (Root cause: com.kms.katalon.core.webui.exception.BrowserNotOpenedException: Browser is not opened
Build info: version: '3.7.1', revision: '8a0099a', time: '2017-11-06T21:07:36.161Z'
System info: host: 'YSPC-STRATAPPQA', ip: '192.168.1.74', os.name: 'Windows 10', os.arch: 'amd64', os.version: '10.0', java.version: '1.8.0_102'
Driver info: driver.version: unknown)

2018-07-09 17:48:06 - [TEST_STEP][FAILED] - navigateToUrl: Unable to navigate to 'https://dev-app.stratapp.ai/strategy/strategic-plan' (Root cause: com.kms.katalon.core.webui.exception.BrowserNotOpenedException: Browser is not opened
Build info: version: '3.7.1', revision: '8a0099a', time: '2017-11-06T21:07:36.161Z'
System info: host: 'YSPC-STRATAPPQA', ip: '192.168.1.74', os.name: 'Windows 10', os.arch: 'amd64', os.version: '10.0', java.version: '1.8.0_102'
Driver info: driver.version: unknown)

2018-07-09 17:48:06 - [MESSAGE][WARNING] - Cannot take screenshot

2018-07-09 17:48:06 - [MESSAGE][FAILED] - Unable to navigate to 'https://dev-app.stratapp.ai/strategy/strategic-plan' (Root cause: com.kms.katalon.core.webui.exception.BrowserNotOpenedException: Browser is not opened
Build info: version: '3.7.1', revision: '8a0099a', time: '2017-11-06T21:07:36.161Z'
System info: host: 'YSPC-STRATAPPQA', ip: '192.168.1.74', os.name: 'Windows 10', os.arch: 'amd64', os.version: '10.0', java.version: '1.8.0_102'
Driver info: driver.version: unknown)]]></system-out>
         <system-err><![CDATA[2018-07-09 17:48:05 - [TEST_CASE][FAILED] - Test Cases/SCREEN_VERIFICATION/KPI/DASHBOARD/Verify if all elements are present: Test Cases/SCREEN_VERIFICATION/KPI/DASHBOARD/Verify if all elements are present FAILED because (of) Unable to navigate to 'https://dev-app.stratapp.ai/strategy/strategic-plan' (Root cause: com.kms.katalon.core.webui.exception.BrowserNotOpenedException: Browser is not opened
Build info: version: '3.7.1', revision: '8a0099a', time: '2017-11-06T21:07:36.161Z'
System info: host: 'YSPC-STRATAPPQA', ip: '192.168.1.74', os.name: 'Windows 10', os.arch: 'amd64', os.version: '10.0', java.version: '1.8.0_102'
Driver info: driver.version: unknown)]]></system-err>
      </testcase>
      <system-out><![CDATA[2018-07-09 17:48:05 - [TEST_SUITE][FAILED] - test: Test Cases/SCREEN_VERIFICATION/KPI/DASHBOARD/Verify if all elements are present FAILED because (of) Unable to navigate to 'https://dev-app.stratapp.ai/strategy/strategic-plan' (Root cause: com.kms.katalon.core.webui.exception.BrowserNotOpenedException: Browser is not opened
Build info: version: '3.7.1', revision: '8a0099a', time: '2017-11-06T21:07:36.161Z'
System info: host: 'YSPC-STRATAPPQA', ip: '192.168.1.74', os.name: 'Windows 10', os.arch: 'amd64', os.version: '10.0', java.version: '1.8.0_102'
Driver info: driver.version: unknown)]]></system-out>
      <system-err><![CDATA[2018-07-09 17:48:05 - [TEST_SUITE][FAILED] - test: Test Cases/SCREEN_VERIFICATION/KPI/DASHBOARD/Verify if all elements are present FAILED because (of) Unable to navigate to 'https://dev-app.stratapp.ai/strategy/strategic-plan' (Root cause: com.kms.katalon.core.webui.exception.BrowserNotOpenedException: Browser is not opened
Build info: version: '3.7.1', revision: '8a0099a', time: '2017-11-06T21:07:36.161Z'
System info: host: 'YSPC-STRATAPPQA', ip: '192.168.1.74', os.name: 'Windows 10', os.arch: 'amd64', os.version: '10.0', java.version: '1.8.0_102'
Driver info: driver.version: unknown)]]></system-err>
   </testsuite>
</testsuites>
