<?xml version="1.0" encoding="UTF-8"?>
<testsuites name="test" time="0" tests="0" failures="0" errors="1">
   <testsuite name="test" tests="0" failures="0" errors="1" time="0" timestamp="2018-07-09 17:46:21" hostname="jmanzanares - YSPC-STRATAPPQA.YouSource.Forest" id="Test Suites/test">
      <properties>
         <property name="deviceName" value=""/>
         <property name="devicePlatform" value=""/>
         <property name="logFolder" value="C:\\Users\\jmanzanares\\git\\StartApp\\Reports\\test\\20180709_174615"/>
         <property name="logFiles" value="C:\\Users\\jmanzanares\\git\\StartApp\\Reports\\test\\20180709_174615\\execution0.log"/>
         <property name="attachments" value=""/>
         <property name="hostName" value="jmanzanares - YSPC-STRATAPPQA.YouSource.Forest"/>
         <property name="hostAddress" value="192.168.1.74"/>
         <property name="os" value="Windows 10 64bit"/>
         <property name="katalonVersion" value="5.4.2.1"/>
      </properties>
      <testcase name="Test Cases/SCREEN_VERIFICATION/KPI/DASHBOARD/Verify if all elements are present" classname="Test Cases/SCREEN_VERIFICATION/KPI/DASHBOARD/Verify if all elements are present" status="ERROR">
         <error type="ERROR" message="Test Cases/SCREEN_VERIFICATION/KPI/DASHBOARD/Verify if all elements are present FAILED because (of) groovy.lang.MissingMethodException: No signature of method: static com.kms.katalon.core.webui.keyword.WebUiBuiltInKeywords.verifyAlertNotPresent() is applicable for argument types: (java.lang.String) values: []
Possible solutions: verifyAlertNotPresent(int), verifyAlertNotPresent(int, com.kms.katalon.core.model.FailureHandling), verifyAlertPresent(int), verifyTextNotPresent(java.lang.String, boolean), verifyAlertPresent(int, com.kms.katalon.core.model.FailureHandling), verifyTextNotPresent(java.lang.String, boolean, com.kms.katalon.core.model.FailureHandling)"/>
         <system-out><![CDATA[2018-07-09 17:46:21 - [TEST_CASE][ERROR] - Test Cases/SCREEN_VERIFICATION/KPI/DASHBOARD/Verify if all elements are present: Test Cases/SCREEN_VERIFICATION/KPI/DASHBOARD/Verify if all elements are present FAILED because (of) groovy.lang.MissingMethodException: No signature of method: static com.kms.katalon.core.webui.keyword.WebUiBuiltInKeywords.verifyAlertNotPresent() is applicable for argument types: (java.lang.String) values: []
Possible solutions: verifyAlertNotPresent(int), verifyAlertNotPresent(int, com.kms.katalon.core.model.FailureHandling), verifyAlertPresent(int), verifyTextNotPresent(java.lang.String, boolean), verifyAlertPresent(int, com.kms.katalon.core.model.FailureHandling), verifyTextNotPresent(java.lang.String, boolean, com.kms.katalon.core.model.FailureHandling)

2018-07-09 17:46:22 - [TEST_STEP][PASSED] - verifyAlertNotPresent: null]]></system-out>
         <system-err><![CDATA[2018-07-09 17:46:21 - [TEST_CASE][ERROR] - Test Cases/SCREEN_VERIFICATION/KPI/DASHBOARD/Verify if all elements are present: Test Cases/SCREEN_VERIFICATION/KPI/DASHBOARD/Verify if all elements are present FAILED because (of) groovy.lang.MissingMethodException: No signature of method: static com.kms.katalon.core.webui.keyword.WebUiBuiltInKeywords.verifyAlertNotPresent() is applicable for argument types: (java.lang.String) values: []
Possible solutions: verifyAlertNotPresent(int), verifyAlertNotPresent(int, com.kms.katalon.core.model.FailureHandling), verifyAlertPresent(int), verifyTextNotPresent(java.lang.String, boolean), verifyAlertPresent(int, com.kms.katalon.core.model.FailureHandling), verifyTextNotPresent(java.lang.String, boolean, com.kms.katalon.core.model.FailureHandling)]]></system-err>
      </testcase>
      <system-out><![CDATA[2018-07-09 17:46:21 - [TEST_SUITE][ERROR] - test: Test Cases/SCREEN_VERIFICATION/KPI/DASHBOARD/Verify if all elements are present FAILED because (of) groovy.lang.MissingMethodException: No signature of method: static com.kms.katalon.core.webui.keyword.WebUiBuiltInKeywords.verifyAlertNotPresent() is applicable for argument types: (java.lang.String) values: []
Possible solutions: verifyAlertNotPresent(int), verifyAlertNotPresent(int, com.kms.katalon.core.model.FailureHandling), verifyAlertPresent(int), verifyTextNotPresent(java.lang.String, boolean), verifyAlertPresent(int, com.kms.katalon.core.model.FailureHandling), verifyTextNotPresent(java.lang.String, boolean, com.kms.katalon.core.model.FailureHandling)]]></system-out>
      <system-err><![CDATA[2018-07-09 17:46:21 - [TEST_SUITE][ERROR] - test: Test Cases/SCREEN_VERIFICATION/KPI/DASHBOARD/Verify if all elements are present FAILED because (of) groovy.lang.MissingMethodException: No signature of method: static com.kms.katalon.core.webui.keyword.WebUiBuiltInKeywords.verifyAlertNotPresent() is applicable for argument types: (java.lang.String) values: []
Possible solutions: verifyAlertNotPresent(int), verifyAlertNotPresent(int, com.kms.katalon.core.model.FailureHandling), verifyAlertPresent(int), verifyTextNotPresent(java.lang.String, boolean), verifyAlertPresent(int, com.kms.katalon.core.model.FailureHandling), verifyTextNotPresent(java.lang.String, boolean, com.kms.katalon.core.model.FailureHandling)]]></system-err>
   </testsuite>
</testsuites>
