<?xml version="1.0" encoding="UTF-8"?>
<testsuites name="test" time="195" tests="0" failures="1" errors="0">
   <testsuite name="test" tests="0" failures="1" errors="0" time="195" timestamp="2018-07-10 11:28:39" hostname="jmanzanares - YSPC-STRATAPPQA.YouSource.Forest" id="Test Suites/test">
      <properties>
         <property name="deviceName" value=""/>
         <property name="devicePlatform" value=""/>
         <property name="logFolder" value="C:\\Users\\jmanzanares\\git\\StartApp\\Reports\\test\\20180710_112834"/>
         <property name="logFiles" value="C:\\Users\\jmanzanares\\git\\StartApp\\Reports\\test\\20180710_112834\\execution0.log"/>
         <property name="attachments" value="C:\\Users\\jmanzanares\\git\\StartApp\\Reports\\test\\20180710_112834\\1531193513517.png, C:\\Users\\jmanzanares\\git\\StartApp\\Reports\\test\\20180710_112834\\1531193513886.png"/>
         <property name="hostName" value="jmanzanares - YSPC-STRATAPPQA.YouSource.Forest"/>
         <property name="os" value="Windows 10 64bit"/>
         <property name="katalonVersion" value="5.4.2.1"/>
         <property name="browser" value="Chrome 67.0.3396.99"/>
         <property name="hostAddress" value="192.168.1.74"/>
         <property name="sessionId" value="cd4bc00206049686a48bf69be69dbb5b"/>
         <property name="seleniumVersion" value="3.7.1"/>
         <property name="proxyInformation" value="ProxyInformation{proxyOption=NO_PROXY, proxyServerType=HTTP, password=, proxyServerAddress=, proxyServerPort=0}"/>
         <property name="platform" value="Windows 10"/>
      </properties>
      <testcase name="Test Cases/SCREEN_VERIFICATION/KPI/DASHBOARD/Verify if all elements are present in KPIs Dashboard" classname="Test Cases/SCREEN_VERIFICATION/KPI/DASHBOARD/Verify if all elements are present in KPIs Dashboard" status="FAILED">
         <failure type="FAILED" message="Unable to verify object 'Object Repository/SOCIALS/COMMENTS/RESPONSE_APPROVAL_BUTTON' is present (Root cause: com.kms.katalon.core.webui.exception.WebElementNotFoundException: Web element with id: 'Object Repository/SOCIALS/COMMENTS/RESPONSE_APPROVAL_BUTTON' located by 'By.xpath: ' not found)"/>
         <system-out><![CDATA[2018-07-10 11:28:40 - [TEST_CASE][FAILED] - Test Cases/SCREEN_VERIFICATION/KPI/DASHBOARD/Verify if all elements are present in KPIs Dashboard: Test Cases/SCREEN_VERIFICATION/KPI/DASHBOARD/Verify if all elements are present in KPIs Dashboard FAILED because (of) Unable to verify object 'Object Repository/SOCIALS/COMMENTS/RESPONSE_APPROVAL_BUTTON' is present (Root cause: com.kms.katalon.core.webui.exception.WebElementNotFoundException: Web element with id: 'Object Repository/SOCIALS/COMMENTS/RESPONSE_APPROVAL_BUTTON' located by 'By.xpath: ' not found)

2018-07-10 11:28:40 - [TEST_STEP][PASSED] - openBrowser: Browser is opened with url: 'https://dev-app.stratapp.ai/strategy/strategic-plan'

2018-07-10 11:30:29 - [MESSAGE][PASSED] - Browser is opened with url: 'https://dev-app.stratapp.ai/strategy/strategic-plan'

2018-07-10 11:30:29 - [TEST_STEP][PASSED] - maximizeWindow: Current window maximized

2018-07-10 11:30:30 - [MESSAGE][PASSED] - Current window maximized

2018-07-10 11:30:30 - [TEST_STEP][PASSED] - waitForPageLoad: Wait for page load successfully

2018-07-10 11:30:30 - [MESSAGE][PASSED] - Wait for page load successfully

2018-07-10 11:30:30 - [TEST_STEP][PASSED] - waitForElementPresent: Object 'Object Repository/HomePage/MENU/STRATEGY_LINK' is present

2018-07-10 11:31:33 - [MESSAGE][PASSED] - Object 'Object Repository/HomePage/MENU/STRATEGY_LINK' is present

2018-07-10 11:31:33 - [TEST_STEP][PASSED] - click: Object: 'Object Repository/HomePage/MENU/KPI_LINK' is clicked on

2018-07-10 11:31:33 - [MESSAGE][PASSED] - Object: 'Object Repository/HomePage/MENU/KPI_LINK' is clicked on

2018-07-10 11:31:33 - [TEST_STEP][PASSED] - waitForElementPresent: Object 'Object Repository/KPI/DASHBOARD/COMPANY_DASHBOARD/COMP_1YEAR_LINK' is present

2018-07-10 11:31:46 - [MESSAGE][PASSED] - Object 'Object Repository/KPI/DASHBOARD/COMPANY_DASHBOARD/COMP_1YEAR_LINK' is present

2018-07-10 11:31:46 - [TEST_STEP][PASSED] - verifyElementPresent: Object 'Object Repository/KPI/DASHBOARD/COMPANY_DASHBOARD/COMP_7DAYS_LINK' is present

2018-07-10 11:31:46 - [MESSAGE][PASSED] - Object 'Object Repository/KPI/DASHBOARD/COMPANY_DASHBOARD/COMP_7DAYS_LINK' is present

2018-07-10 11:31:46 - [TEST_STEP][PASSED] - verifyElementPresent: Object 'Object Repository/KPI/DASHBOARD/COMPANY_DASHBOARD/COMP_28DAYS_LINK' is present

2018-07-10 11:31:46 - [MESSAGE][PASSED] - Object 'Object Repository/KPI/DASHBOARD/COMPANY_DASHBOARD/COMP_28DAYS_LINK' is present

2018-07-10 11:31:46 - [TEST_STEP][PASSED] - verifyElementPresent: Object 'Object Repository/KPI/DASHBOARD/COMPANY_DASHBOARD/COMP_90DAYS_LINK' is present

2018-07-10 11:31:46 - [MESSAGE][PASSED] - Object 'Object Repository/KPI/DASHBOARD/COMPANY_DASHBOARD/COMP_90DAYS_LINK' is present

2018-07-10 11:31:46 - [TEST_STEP][PASSED] - verifyElementPresent: Object 'Object Repository/KPI/DASHBOARD/COMPANY_DASHBOARD/COMP_6MONTHS_LINK' is present

2018-07-10 11:31:46 - [MESSAGE][PASSED] - Object 'Object Repository/KPI/DASHBOARD/COMPANY_DASHBOARD/COMP_6MONTHS_LINK' is present

2018-07-10 11:31:46 - [TEST_STEP][PASSED] - verifyElementPresent: Object 'Object Repository/KPI/DASHBOARD/COMPANY_DASHBOARD/COMP_ALL_TIME_LINK' is present

2018-07-10 11:31:46 - [MESSAGE][PASSED] - Object 'Object Repository/KPI/DASHBOARD/COMPANY_DASHBOARD/COMP_ALL_TIME_LINK' is present

2018-07-10 11:31:46 - [TEST_STEP][PASSED] - verifyElementPresent: Object 'Object Repository/KPI/DASHBOARD/COMPANY_DASHBOARD/COMP_1YEAR_LINK' is present

2018-07-10 11:31:46 - [MESSAGE][PASSED] - Object 'Object Repository/KPI/DASHBOARD/COMPANY_DASHBOARD/COMP_1YEAR_LINK' is present

2018-07-10 11:31:46 - [TEST_STEP][PASSED] - verifyElementPresent: Object 'Object Repository/KPI/DASHBOARD/COMPANY_DASHBOARD/COMP_INTERACTIONS_BUTTON' is present

2018-07-10 11:31:47 - [MESSAGE][PASSED] - Object 'Object Repository/KPI/DASHBOARD/COMPANY_DASHBOARD/COMP_INTERACTIONS_BUTTON' is present

2018-07-10 11:31:47 - [TEST_STEP][PASSED] - verifyElementPresent: Object 'Object Repository/KPI/DASHBOARD/COMPANY_DASHBOARD/COMP_VIEWS_BUTTON' is present

2018-07-10 11:31:47 - [MESSAGE][PASSED] - Object 'Object Repository/KPI/DASHBOARD/COMPANY_DASHBOARD/COMP_VIEWS_BUTTON' is present

2018-07-10 11:31:47 - [TEST_STEP][PASSED] - verifyElementPresent: Object 'Object Repository/KPI/DASHBOARD/COMPANY_DASHBOARD/COMP_ON_TRACK_BUTTON' is present

2018-07-10 11:31:47 - [MESSAGE][PASSED] - Object 'Object Repository/KPI/DASHBOARD/COMPANY_DASHBOARD/COMP_ON_TRACK_BUTTON' is present

2018-07-10 11:31:47 - [TEST_STEP][PASSED] - verifyElementPresent: Object 'Object Repository/KPI/DASHBOARD/COMPANY_DASHBOARD/COMP_NEEDS_ACTION_BUTTON' is present

2018-07-10 11:31:47 - [MESSAGE][PASSED] - Object 'Object Repository/KPI/DASHBOARD/COMPANY_DASHBOARD/COMP_NEEDS_ACTION_BUTTON' is present

2018-07-10 11:31:47 - [TEST_STEP][PASSED] - verifyElementPresent: Object 'Object Repository/KPI/DASHBOARD/COMPANY_DASHBOARD/COMP_LATE_BUTTON' is present

2018-07-10 11:31:47 - [MESSAGE][PASSED] - Object 'Object Repository/KPI/DASHBOARD/COMPANY_DASHBOARD/COMP_LATE_BUTTON' is present

2018-07-10 11:31:47 - [TEST_STEP][PASSED] - verifyElementPresent: Object 'Object Repository/KPI/DASHBOARD/COMPANY_DASHBOARD/COMP_ACHIEVED_BUTTON' is present

2018-07-10 11:31:47 - [MESSAGE][PASSED] - Object 'Object Repository/KPI/DASHBOARD/COMPANY_DASHBOARD/COMP_ACHIEVED_BUTTON' is present

2018-07-10 11:31:47 - [TEST_STEP][PASSED] - verifyElementPresent: Object 'Object Repository/KPI/DASHBOARD/COMPANY_DASHBOARD/COMP_ON_TRACK_LINK' is present

2018-07-10 11:31:47 - [MESSAGE][PASSED] - Object 'Object Repository/KPI/DASHBOARD/COMPANY_DASHBOARD/COMP_ON_TRACK_LINK' is present

2018-07-10 11:31:47 - [TEST_STEP][PASSED] - verifyElementPresent: Object 'Object Repository/KPI/DASHBOARD/COMPANY_DASHBOARD/COMP_NEEDS_ACTION_LINK' is present

2018-07-10 11:31:47 - [MESSAGE][PASSED] - Object 'Object Repository/KPI/DASHBOARD/COMPANY_DASHBOARD/COMP_NEEDS_ACTION_LINK' is present

2018-07-10 11:31:47 - [TEST_STEP][PASSED] - verifyElementPresent: Object 'Object Repository/KPI/DASHBOARD/COMPANY_DASHBOARD/COMP_LATE_LINK' is present

2018-07-10 11:31:47 - [MESSAGE][PASSED] - Object 'Object Repository/KPI/DASHBOARD/COMPANY_DASHBOARD/COMP_LATE_LINK' is present

2018-07-10 11:31:47 - [TEST_STEP][PASSED] - verifyElementPresent: Object 'Object Repository/KPI/DASHBOARD/COMPANY_DASHBOARD/COMP_ACHIEVED_LINK' is present

2018-07-10 11:31:47 - [MESSAGE][PASSED] - Object 'Object Repository/KPI/DASHBOARD/COMPANY_DASHBOARD/COMP_ACHIEVED_LINK' is present

2018-07-10 11:31:47 - [TEST_STEP][PASSED] - verifyElementPresent: Object 'Object Repository/KPI/DASHBOARD/ME_DASHBOARD/ME_7DAYS_LINK' is present

2018-07-10 11:31:47 - [MESSAGE][PASSED] - Object 'Object Repository/KPI/DASHBOARD/ME_DASHBOARD/ME_7DAYS_LINK' is present

2018-07-10 11:31:47 - [TEST_STEP][PASSED] - verifyElementPresent: Object 'Object Repository/KPI/DASHBOARD/ME_DASHBOARD/ME_28DAYS_LINK' is present

2018-07-10 11:31:47 - [MESSAGE][PASSED] - Object 'Object Repository/KPI/DASHBOARD/ME_DASHBOARD/ME_28DAYS_LINK' is present

2018-07-10 11:31:47 - [TEST_STEP][PASSED] - verifyElementPresent: Object 'Object Repository/KPI/DASHBOARD/ME_DASHBOARD/ME_90DAYS_LINK' is present

2018-07-10 11:31:47 - [MESSAGE][PASSED] - Object 'Object Repository/KPI/DASHBOARD/ME_DASHBOARD/ME_90DAYS_LINK' is present

2018-07-10 11:31:47 - [TEST_STEP][PASSED] - verifyElementPresent: Object 'Object Repository/KPI/DASHBOARD/ME_DASHBOARD/ME_6MONTHS_LINK' is present

2018-07-10 11:31:47 - [MESSAGE][PASSED] - Object 'Object Repository/KPI/DASHBOARD/ME_DASHBOARD/ME_6MONTHS_LINK' is present

2018-07-10 11:31:47 - [TEST_STEP][PASSED] - verifyElementPresent: Object 'Object Repository/KPI/DASHBOARD/ME_DASHBOARD/ME_1YEAR_LINK' is present

2018-07-10 11:31:47 - [MESSAGE][PASSED] - Object 'Object Repository/KPI/DASHBOARD/ME_DASHBOARD/ME_1YEAR_LINK' is present

2018-07-10 11:31:47 - [TEST_STEP][PASSED] - verifyElementPresent: Object 'Object Repository/KPI/DASHBOARD/ME_DASHBOARD/ME_ALL_TIME_LINK' is present

2018-07-10 11:31:47 - [MESSAGE][PASSED] - Object 'Object Repository/KPI/DASHBOARD/ME_DASHBOARD/ME_ALL_TIME_LINK' is present

2018-07-10 11:31:47 - [TEST_STEP][PASSED] - verifyElementPresent: Object 'Object Repository/KPI/DASHBOARD/ME_DASHBOARD/ME_INTERACTIONS_BUTTON' is present

2018-07-10 11:31:47 - [MESSAGE][PASSED] - Object 'Object Repository/KPI/DASHBOARD/ME_DASHBOARD/ME_INTERACTIONS_BUTTON' is present

2018-07-10 11:31:47 - [TEST_STEP][PASSED] - verifyElementPresent: Object 'Object Repository/KPI/DASHBOARD/ME_DASHBOARD/ME_VIEWS_BUTTON' is present

2018-07-10 11:31:47 - [MESSAGE][PASSED] - Object 'Object Repository/KPI/DASHBOARD/ME_DASHBOARD/ME_VIEWS_BUTTON' is present

2018-07-10 11:31:47 - [TEST_STEP][PASSED] - verifyElementPresent: Object 'Object Repository/KPI/DASHBOARD/ME_DASHBOARD/ME_ON_TRACK_BUTTON' is present

2018-07-10 11:31:47 - [MESSAGE][PASSED] - Object 'Object Repository/KPI/DASHBOARD/ME_DASHBOARD/ME_ON_TRACK_BUTTON' is present

2018-07-10 11:31:47 - [TEST_STEP][PASSED] - verifyElementPresent: Object 'Object Repository/KPI/DASHBOARD/ME_DASHBOARD/ME_NEEDS_ACTION_BUTTON' is present

2018-07-10 11:31:47 - [MESSAGE][PASSED] - Object 'Object Repository/KPI/DASHBOARD/ME_DASHBOARD/ME_NEEDS_ACTION_BUTTON' is present

2018-07-10 11:31:47 - [TEST_STEP][PASSED] - verifyElementPresent: Object 'Object Repository/KPI/DASHBOARD/ME_DASHBOARD/ME_LATE_BUTTON' is present

2018-07-10 11:31:47 - [MESSAGE][PASSED] - Object 'Object Repository/KPI/DASHBOARD/ME_DASHBOARD/ME_LATE_BUTTON' is present

2018-07-10 11:31:47 - [TEST_STEP][PASSED] - verifyElementPresent: Object 'Object Repository/KPI/DASHBOARD/ME_DASHBOARD/ME_ACHIEVED_BUTTON' is present

2018-07-10 11:31:47 - [MESSAGE][PASSED] - Object 'Object Repository/KPI/DASHBOARD/ME_DASHBOARD/ME_ACHIEVED_BUTTON' is present

2018-07-10 11:31:47 - [TEST_STEP][PASSED] - verifyElementPresent: Object 'Object Repository/KPI/DASHBOARD/ME_DASHBOARD/ME_ON_TRACK_LINK' is present

2018-07-10 11:31:47 - [MESSAGE][PASSED] - Object 'Object Repository/KPI/DASHBOARD/ME_DASHBOARD/ME_ON_TRACK_LINK' is present

2018-07-10 11:31:47 - [TEST_STEP][PASSED] - verifyElementPresent: Object 'Object Repository/KPI/DASHBOARD/ME_DASHBOARD/ME_NEEDS_ACTION_LINK' is present

2018-07-10 11:31:47 - [MESSAGE][PASSED] - Object 'Object Repository/KPI/DASHBOARD/ME_DASHBOARD/ME_NEEDS_ACTION_LINK' is present

2018-07-10 11:31:47 - [TEST_STEP][PASSED] - verifyElementPresent: Object 'Object Repository/KPI/DASHBOARD/ME_DASHBOARD/ME_LATE_LINK' is present

2018-07-10 11:31:47 - [MESSAGE][PASSED] - Object 'Object Repository/KPI/DASHBOARD/ME_DASHBOARD/ME_LATE_LINK' is present

2018-07-10 11:31:47 - [TEST_STEP][PASSED] - verifyElementPresent: Object 'Object Repository/KPI/DASHBOARD/ME_DASHBOARD/ME_ACHIEVED_LINK' is present

2018-07-10 11:31:47 - [MESSAGE][PASSED] - Object 'Object Repository/KPI/DASHBOARD/ME_DASHBOARD/ME_ACHIEVED_LINK' is present

2018-07-10 11:31:47 - [TEST_STEP][FAILED] - callTestCase: Unable to call Test Case with id 'Test Cases/SCREEN_VERIFICATION/SOCIAL/Verify if all elements are present in Social' (Root cause: Call Test Case 'Test Cases/SCREEN_VERIFICATION/SOCIAL/Verify if all elements are present in Social' failed)

2018-07-10 11:31:47 - [TEST_CASE][FAILED] - Test Cases/SCREEN_VERIFICATION/SOCIAL/Verify if all elements are present in Social: Test Cases/SCREEN_VERIFICATION/SOCIAL/Verify if all elements are present in Social FAILED because (of) Unable to verify object 'Object Repository/SOCIALS/COMMENTS/RESPONSE_APPROVAL_BUTTON' is present (Root cause: com.kms.katalon.core.webui.exception.WebElementNotFoundException: Web element with id: 'Object Repository/SOCIALS/COMMENTS/RESPONSE_APPROVAL_BUTTON' located by 'By.xpath: ' not found)

2018-07-10 11:31:47 - [TEST_STEP][PASSED] - verifyElementPresent: Object 'Object Repository/SOCIALS/COMMENTS/ADD_COMMENT_TEXTFIELD' is present

2018-07-10 11:31:47 - [MESSAGE][PASSED] - Object 'Object Repository/SOCIALS/COMMENTS/ADD_COMMENT_TEXTFIELD' is present

2018-07-10 11:31:47 - [TEST_STEP][PASSED] - click: Object: 'Object Repository/SOCIALS/COMMENTS/COMMENT_BUTTON' is clicked on

2018-07-10 11:31:48 - [MESSAGE][PASSED] - Object: 'Object Repository/SOCIALS/COMMENTS/COMMENT_BUTTON' is clicked on

2018-07-10 11:31:48 - [TEST_STEP][PASSED] - verifyElementPresent: Object 'Object Repository/SOCIALS/COMMENTS/REQUEST_APPROVAL_BUTTON' is present

2018-07-10 11:31:48 - [MESSAGE][PASSED] - Object 'Object Repository/SOCIALS/COMMENTS/REQUEST_APPROVAL_BUTTON' is present

2018-07-10 11:31:48 - [TEST_STEP][PASSED] - verifyElementPresent: Object 'Object Repository/SOCIALS/COMMENTS/REQUEST_DECISION_BUTTON' is present

2018-07-10 11:31:48 - [MESSAGE][PASSED] - Object 'Object Repository/SOCIALS/COMMENTS/REQUEST_DECISION_BUTTON' is present

2018-07-10 11:31:48 - [TEST_STEP][PASSED] - verifyElementPresent: Object 'Object Repository/SOCIALS/COMMENTS/REQUEST_NOTE_BUTTON' is present

2018-07-10 11:31:48 - [MESSAGE][PASSED] - Object 'Object Repository/SOCIALS/COMMENTS/REQUEST_NOTE_BUTTON' is present

2018-07-10 11:31:48 - [TEST_STEP][PASSED] - verifyElementPresent: Object 'Object Repository/SOCIALS/COMMENTS/REQUEST_RESPONSE_BUTTON' is present

2018-07-10 11:31:48 - [MESSAGE][PASSED] - Object 'Object Repository/SOCIALS/COMMENTS/REQUEST_RESPONSE_BUTTON' is present

2018-07-10 11:31:48 - [TEST_STEP][PASSED] - verifyElementPresent: Object 'Object Repository/SOCIALS/COMMENTS/RESPONSE_AGREE_BUTTON' is present

2018-07-10 11:31:48 - [MESSAGE][PASSED] - Object 'Object Repository/SOCIALS/COMMENTS/RESPONSE_AGREE_BUTTON' is present

2018-07-10 11:31:48 - [TEST_STEP][FAILED] - verifyElementPresent: Unable to verify object 'Object Repository/SOCIALS/COMMENTS/RESPONSE_APPROVAL_BUTTON' is present (Root cause: com.kms.katalon.core.webui.exception.WebElementNotFoundException: Web element with id: 'Object Repository/SOCIALS/COMMENTS/RESPONSE_APPROVAL_BUTTON' located by 'By.xpath: ' not found)

2018-07-10 11:31:53 - [MESSAGE][FAILED] - com.kms.katalon.core.webui.exception.WebElementNotFoundException: Web element with id: 'Object Repository/SOCIALS/COMMENTS/RESPONSE_APPROVAL_BUTTON' located by 'By.xpath: ' not found
[[ATTACHMENT|C:\\Users\\jmanzanares\\git\\StartApp\\Reports\\test\\20180710_112834\\1531193513517.png]]

2018-07-10 11:31:54 - [MESSAGE][FAILED] - Unable to verify object 'Object Repository/SOCIALS/COMMENTS/RESPONSE_APPROVAL_BUTTON' is present (Root cause: com.kms.katalon.core.webui.exception.WebElementNotFoundException: Web element with id: 'Object Repository/SOCIALS/COMMENTS/RESPONSE_APPROVAL_BUTTON' located by 'By.xpath: ' not found)
[[ATTACHMENT|C:\\Users\\jmanzanares\\git\\StartApp\\Reports\\test\\20180710_112834\\1531193513886.png]]

2018-07-10 11:31:54 - [MESSAGE][FAILED] - Unable to call Test Case with id 'Test Cases/SCREEN_VERIFICATION/SOCIAL/Verify if all elements are present in Social' (Root cause: Call Test Case 'Test Cases/SCREEN_VERIFICATION/SOCIAL/Verify if all elements are present in Social' failed)]]></system-out>
         <system-err><![CDATA[2018-07-10 11:28:40 - [TEST_CASE][FAILED] - Test Cases/SCREEN_VERIFICATION/KPI/DASHBOARD/Verify if all elements are present in KPIs Dashboard: Test Cases/SCREEN_VERIFICATION/KPI/DASHBOARD/Verify if all elements are present in KPIs Dashboard FAILED because (of) Unable to verify object 'Object Repository/SOCIALS/COMMENTS/RESPONSE_APPROVAL_BUTTON' is present (Root cause: com.kms.katalon.core.webui.exception.WebElementNotFoundException: Web element with id: 'Object Repository/SOCIALS/COMMENTS/RESPONSE_APPROVAL_BUTTON' located by 'By.xpath: ' not found)]]></system-err>
      </testcase>
      <system-out><![CDATA[2018-07-10 11:28:39 - [TEST_SUITE][FAILED] - test: Test Cases/SCREEN_VERIFICATION/KPI/DASHBOARD/Verify if all elements are present in KPIs Dashboard FAILED because (of) Unable to verify object 'Object Repository/SOCIALS/COMMENTS/RESPONSE_APPROVAL_BUTTON' is present (Root cause: com.kms.katalon.core.webui.exception.WebElementNotFoundException: Web element with id: 'Object Repository/SOCIALS/COMMENTS/RESPONSE_APPROVAL_BUTTON' located by 'By.xpath: ' not found)]]></system-out>
      <system-err><![CDATA[2018-07-10 11:28:39 - [TEST_SUITE][FAILED] - test: Test Cases/SCREEN_VERIFICATION/KPI/DASHBOARD/Verify if all elements are present in KPIs Dashboard FAILED because (of) Unable to verify object 'Object Repository/SOCIALS/COMMENTS/RESPONSE_APPROVAL_BUTTON' is present (Root cause: com.kms.katalon.core.webui.exception.WebElementNotFoundException: Web element with id: 'Object Repository/SOCIALS/COMMENTS/RESPONSE_APPROVAL_BUTTON' located by 'By.xpath: ' not found)]]></system-err>
   </testsuite>
</testsuites>
