<?xml version="1.0" encoding="UTF-8"?>
<testsuites name="test" time="33" tests="4" failures="1" errors="0">
   <testsuite name="test" tests="4" failures="1" errors="0" time="33" timestamp="2018-07-10 17:51:31" hostname="jmanzanares - YSPC-STRATAPPQA.YouSource.Forest" id="Test Suites/test">
      <properties>
         <property name="deviceName" value=""/>
         <property name="devicePlatform" value=""/>
         <property name="logFolder" value="C:\\Users\\jmanzanares\\git\\StartApp\\Reports\\test\\20180710_175129"/>
         <property name="logFiles" value="C:\\Users\\jmanzanares\\git\\StartApp\\Reports\\test\\20180710_175129\\execution0.log"/>
         <property name="attachments" value="C:\\Users\\jmanzanares\\git\\StartApp\\Reports\\test\\20180710_175129\\1531216322465.png, C:\\Users\\jmanzanares\\git\\StartApp\\Reports\\test\\20180710_175129\\1531216324759.png"/>
         <property name="hostName" value="jmanzanares - YSPC-STRATAPPQA.YouSource.Forest"/>
         <property name="os" value="Windows 10 64bit"/>
         <property name="katalonVersion" value="5.4.2.1"/>
         <property name="browser" value="Chrome 67.0.3396.99"/>
         <property name="hostAddress" value="192.168.1.74"/>
         <property name="sessionId" value="7e685a6917713265e8aab94657f86ef2"/>
         <property name="seleniumVersion" value="3.7.1"/>
         <property name="proxyInformation" value="ProxyInformation{proxyOption=NO_PROXY, proxyServerType=HTTP, password=, proxyServerAddress=, proxyServerPort=0}"/>
         <property name="platform" value="Windows 10"/>
      </properties>
      <testcase name="Test Cases/LOGIN/TempLogin" classname="Test Cases/LOGIN/TempLogin" status="PASSED">
         <system-out><![CDATA[2018-07-10 17:51:31 - [TEST_CASE][PASSED] - Test Cases/LOGIN/TempLogin: Test Cases/LOGIN/TempLogin

2018-07-10 17:51:31 - [TEST_STEP][PASSED] - openBrowser: Browser is opened with url: 'https://dev-app.stratapp.ai/strategy/strategic-plan'

2018-07-10 17:51:41 - [MESSAGE][PASSED] - Browser is opened with url: 'https://dev-app.stratapp.ai/strategy/strategic-plan'

2018-07-10 17:51:41 - [TEST_STEP][PASSED] - maximizeWindow: Current window maximized

2018-07-10 17:51:43 - [MESSAGE][PASSED] - Current window maximized

2018-07-10 17:51:43 - [TEST_STEP][PASSED] - click: Object: 'Object Repository/Login/START_STRATEGISING_BUTTON' is clicked on

2018-07-10 17:51:43 - [MESSAGE][PASSED] - Object: 'Object Repository/Login/START_STRATEGISING_BUTTON' is clicked on

2018-07-10 17:51:43 - [TEST_STEP][PASSED] - sendKeys: Keys 'noreply@you-source.com' sent to object: 'Object Repository/Login/EMAIL_TEXTFIELD'

2018-07-10 17:51:44 - [MESSAGE][PASSED] - Keys 'noreply@you-source.com' sent to object: 'Object Repository/Login/EMAIL_TEXTFIELD'

2018-07-10 17:51:44 - [TEST_STEP][PASSED] - click: Object: 'Object Repository/Login/NEXT_BUTTON' is clicked on

2018-07-10 17:51:44 - [MESSAGE][PASSED] - Object: 'Object Repository/Login/NEXT_BUTTON' is clicked on

2018-07-10 17:51:44 - [TEST_STEP][PASSED] - waitForElementPresent: Object 'Object Repository/Login/PASSWORD_TEXTFIELD' is present

2018-07-10 17:51:45 - [MESSAGE][PASSED] - Object 'Object Repository/Login/PASSWORD_TEXTFIELD' is present

2018-07-10 17:51:45 - [TEST_STEP][PASSED] - sendKeys: Keys 'yousource321' sent to object: 'Object Repository/Login/PASSWORD_TEXTFIELD'

2018-07-10 17:51:45 - [MESSAGE][PASSED] - Keys 'yousource321' sent to object: 'Object Repository/Login/PASSWORD_TEXTFIELD'

2018-07-10 17:51:45 - [TEST_STEP][PASSED] - click: Object: 'Object Repository/Login/SIGN_IN_BUTTON' is clicked on

2018-07-10 17:51:56 - [MESSAGE][PASSED] - Object: 'Object Repository/Login/SIGN_IN_BUTTON' is clicked on

2018-07-10 17:51:56 - [TEST_STEP][PASSED] - waitForPageLoad: Wait for page load successfully

2018-07-10 17:51:56 - [MESSAGE][PASSED] - Wait for page load successfully]]></system-out>
         <system-err><![CDATA[]]></system-err>
      </testcase>
      <testcase name="Test Cases/SCREEN_VERIFICATION/KPI/DASHBOARD/Verify if all elements are present in KPIs Dashboard" classname="Test Cases/SCREEN_VERIFICATION/KPI/DASHBOARD/Verify if all elements are present in KPIs Dashboard" status="PASSED">
         <system-out><![CDATA[2018-07-10 17:51:56 - [TEST_CASE][PASSED] - Test Cases/SCREEN_VERIFICATION/KPI/DASHBOARD/Verify if all elements are present in KPIs Dashboard: Test Cases/SCREEN_VERIFICATION/KPI/DASHBOARD/Verify if all elements are present in KPIs Dashboard

2018-07-10 17:51:57 - [TEST_STEP][PASSED] - click: Object: 'Object Repository/HomePage/MENU/KPI_LINK' is clicked on

2018-07-10 17:51:57 - [MESSAGE][PASSED] - Object: 'Object Repository/HomePage/MENU/KPI_LINK' is clicked on

2018-07-10 17:51:57 - [TEST_STEP][PASSED] - waitForElementPresent: Object 'Object Repository/KPI/DASHBOARD/COMPANY_DASHBOARD/COMP_1YEAR_LINK' is present

2018-07-10 17:51:59 - [MESSAGE][PASSED] - Object 'Object Repository/KPI/DASHBOARD/COMPANY_DASHBOARD/COMP_1YEAR_LINK' is present

2018-07-10 17:51:59 - [TEST_STEP][PASSED] - verifyElementPresent: Object 'Object Repository/KPI/DASHBOARD/COMPANY_DASHBOARD/COMP_7DAYS_LINK' is present

2018-07-10 17:51:59 - [MESSAGE][PASSED] - Object 'Object Repository/KPI/DASHBOARD/COMPANY_DASHBOARD/COMP_7DAYS_LINK' is present

2018-07-10 17:51:59 - [TEST_STEP][PASSED] - callTestCase: Call Test Case 'Test Cases/SCREEN_VERIFICATION/KPI/Verify if KPIs topics were displayed' successfully

2018-07-10 17:51:59 - [TEST_CASE][PASSED] - Test Cases/SCREEN_VERIFICATION/KPI/Verify if KPIs topics were displayed: Test Cases/SCREEN_VERIFICATION/KPI/Verify if KPIs topics were displayed

2018-07-10 17:51:59 - [TEST_STEP][PASSED] - verifyElementPresent: Object 'Object Repository/KPI/TOPICS/DASHBOARD_LINK' is present

2018-07-10 17:51:59 - [MESSAGE][PASSED] - Object 'Object Repository/KPI/TOPICS/DASHBOARD_LINK' is present

2018-07-10 17:51:59 - [TEST_STEP][PASSED] - verifyElementPresent: Object 'Object Repository/KPI/TOPICS/MY_KPI_LINK' is present

2018-07-10 17:51:59 - [MESSAGE][PASSED] - Object 'Object Repository/KPI/TOPICS/MY_KPI_LINK' is present

2018-07-10 17:51:59 - [TEST_STEP][PASSED] - verifyElementPresent: Object 'Object Repository/KPI/TOPICS/SCORECARD_KPI_LINK' is present

2018-07-10 17:51:59 - [MESSAGE][PASSED] - Object 'Object Repository/KPI/TOPICS/SCORECARD_KPI_LINK' is present

2018-07-10 17:51:59 - [TEST_STEP][PASSED] - verifyElementPresent: Object 'Object Repository/KPI/TOPICS/STRATEGIC_KPI_LINK' is present

2018-07-10 17:51:59 - [MESSAGE][PASSED] - Object 'Object Repository/KPI/TOPICS/STRATEGIC_KPI_LINK' is present

2018-07-10 17:51:59 - [TEST_STEP][PASSED] - verifyElementPresent: Object 'Object Repository/KPI/TOPICS/TRENDING_LINK' is present

2018-07-10 17:51:59 - [MESSAGE][PASSED] - Object 'Object Repository/KPI/TOPICS/TRENDING_LINK' is present

2018-07-10 17:51:59 - [MESSAGE][PASSED] - Call Test Case 'Test Cases/SCREEN_VERIFICATION/KPI/Verify if KPIs topics were displayed' successfully

2018-07-10 17:51:59 - [TEST_STEP][PASSED] - verifyElementPresent: Object 'Object Repository/KPI/DASHBOARD/COMPANY_DASHBOARD/COMP_28DAYS_LINK' is present

2018-07-10 17:51:59 - [MESSAGE][PASSED] - Object 'Object Repository/KPI/DASHBOARD/COMPANY_DASHBOARD/COMP_28DAYS_LINK' is present

2018-07-10 17:51:59 - [TEST_STEP][PASSED] - verifyElementPresent: Object 'Object Repository/KPI/DASHBOARD/COMPANY_DASHBOARD/COMP_90DAYS_LINK' is present

2018-07-10 17:51:59 - [MESSAGE][PASSED] - Object 'Object Repository/KPI/DASHBOARD/COMPANY_DASHBOARD/COMP_90DAYS_LINK' is present

2018-07-10 17:51:59 - [TEST_STEP][PASSED] - verifyElementPresent: Object 'Object Repository/KPI/DASHBOARD/COMPANY_DASHBOARD/COMP_6MONTHS_LINK' is present

2018-07-10 17:51:59 - [MESSAGE][PASSED] - Object 'Object Repository/KPI/DASHBOARD/COMPANY_DASHBOARD/COMP_6MONTHS_LINK' is present

2018-07-10 17:51:59 - [TEST_STEP][PASSED] - verifyElementPresent: Object 'Object Repository/KPI/DASHBOARD/COMPANY_DASHBOARD/COMP_ALL_TIME_LINK' is present

2018-07-10 17:51:59 - [MESSAGE][PASSED] - Object 'Object Repository/KPI/DASHBOARD/COMPANY_DASHBOARD/COMP_ALL_TIME_LINK' is present

2018-07-10 17:51:59 - [TEST_STEP][PASSED] - verifyElementPresent: Object 'Object Repository/KPI/DASHBOARD/COMPANY_DASHBOARD/COMP_1YEAR_LINK' is present

2018-07-10 17:51:59 - [MESSAGE][PASSED] - Object 'Object Repository/KPI/DASHBOARD/COMPANY_DASHBOARD/COMP_1YEAR_LINK' is present

2018-07-10 17:51:59 - [TEST_STEP][PASSED] - verifyElementPresent: Object 'Object Repository/KPI/DASHBOARD/COMPANY_DASHBOARD/COMP_INTERACTIONS_BUTTON' is present

2018-07-10 17:51:59 - [MESSAGE][PASSED] - Object 'Object Repository/KPI/DASHBOARD/COMPANY_DASHBOARD/COMP_INTERACTIONS_BUTTON' is present

2018-07-10 17:51:59 - [TEST_STEP][PASSED] - verifyElementPresent: Object 'Object Repository/KPI/DASHBOARD/COMPANY_DASHBOARD/COMP_VIEWS_BUTTON' is present

2018-07-10 17:51:59 - [MESSAGE][PASSED] - Object 'Object Repository/KPI/DASHBOARD/COMPANY_DASHBOARD/COMP_VIEWS_BUTTON' is present

2018-07-10 17:51:59 - [TEST_STEP][PASSED] - verifyElementPresent: Object 'Object Repository/KPI/DASHBOARD/COMPANY_DASHBOARD/COMP_ON_TRACK_BUTTON' is present

2018-07-10 17:51:59 - [MESSAGE][PASSED] - Object 'Object Repository/KPI/DASHBOARD/COMPANY_DASHBOARD/COMP_ON_TRACK_BUTTON' is present

2018-07-10 17:51:59 - [TEST_STEP][PASSED] - verifyElementPresent: Object 'Object Repository/KPI/DASHBOARD/COMPANY_DASHBOARD/COMP_NEEDS_ACTION_BUTTON' is present

2018-07-10 17:51:59 - [MESSAGE][PASSED] - Object 'Object Repository/KPI/DASHBOARD/COMPANY_DASHBOARD/COMP_NEEDS_ACTION_BUTTON' is present

2018-07-10 17:51:59 - [TEST_STEP][PASSED] - verifyElementPresent: Object 'Object Repository/KPI/DASHBOARD/COMPANY_DASHBOARD/COMP_LATE_BUTTON' is present

2018-07-10 17:51:59 - [MESSAGE][PASSED] - Object 'Object Repository/KPI/DASHBOARD/COMPANY_DASHBOARD/COMP_LATE_BUTTON' is present

2018-07-10 17:51:59 - [TEST_STEP][PASSED] - verifyElementPresent: Object 'Object Repository/KPI/DASHBOARD/COMPANY_DASHBOARD/COMP_ACHIEVED_BUTTON' is present

2018-07-10 17:51:59 - [MESSAGE][PASSED] - Object 'Object Repository/KPI/DASHBOARD/COMPANY_DASHBOARD/COMP_ACHIEVED_BUTTON' is present

2018-07-10 17:51:59 - [TEST_STEP][PASSED] - verifyElementPresent: Object 'Object Repository/KPI/DASHBOARD/COMPANY_DASHBOARD/COMP_ON_TRACK_LINK' is present

2018-07-10 17:51:59 - [MESSAGE][PASSED] - Object 'Object Repository/KPI/DASHBOARD/COMPANY_DASHBOARD/COMP_ON_TRACK_LINK' is present

2018-07-10 17:51:59 - [TEST_STEP][PASSED] - verifyElementPresent: Object 'Object Repository/KPI/DASHBOARD/COMPANY_DASHBOARD/COMP_NEEDS_ACTION_LINK' is present

2018-07-10 17:51:59 - [MESSAGE][PASSED] - Object 'Object Repository/KPI/DASHBOARD/COMPANY_DASHBOARD/COMP_NEEDS_ACTION_LINK' is present

2018-07-10 17:51:59 - [TEST_STEP][PASSED] - verifyElementPresent: Object 'Object Repository/KPI/DASHBOARD/COMPANY_DASHBOARD/COMP_LATE_LINK' is present

2018-07-10 17:52:00 - [MESSAGE][PASSED] - Object 'Object Repository/KPI/DASHBOARD/COMPANY_DASHBOARD/COMP_LATE_LINK' is present

2018-07-10 17:52:00 - [TEST_STEP][PASSED] - verifyElementPresent: Object 'Object Repository/KPI/DASHBOARD/COMPANY_DASHBOARD/COMP_ACHIEVED_LINK' is present

2018-07-10 17:52:00 - [MESSAGE][PASSED] - Object 'Object Repository/KPI/DASHBOARD/COMPANY_DASHBOARD/COMP_ACHIEVED_LINK' is present

2018-07-10 17:52:00 - [TEST_STEP][PASSED] - verifyElementPresent: Object 'Object Repository/KPI/DASHBOARD/ME_DASHBOARD/ME_7DAYS_LINK' is present

2018-07-10 17:52:00 - [MESSAGE][PASSED] - Object 'Object Repository/KPI/DASHBOARD/ME_DASHBOARD/ME_7DAYS_LINK' is present

2018-07-10 17:52:00 - [TEST_STEP][PASSED] - verifyElementPresent: Object 'Object Repository/KPI/DASHBOARD/ME_DASHBOARD/ME_28DAYS_LINK' is present

2018-07-10 17:52:00 - [MESSAGE][PASSED] - Object 'Object Repository/KPI/DASHBOARD/ME_DASHBOARD/ME_28DAYS_LINK' is present

2018-07-10 17:52:00 - [TEST_STEP][PASSED] - verifyElementPresent: Object 'Object Repository/KPI/DASHBOARD/ME_DASHBOARD/ME_90DAYS_LINK' is present

2018-07-10 17:52:00 - [MESSAGE][PASSED] - Object 'Object Repository/KPI/DASHBOARD/ME_DASHBOARD/ME_90DAYS_LINK' is present

2018-07-10 17:52:00 - [TEST_STEP][PASSED] - verifyElementPresent: Object 'Object Repository/KPI/DASHBOARD/ME_DASHBOARD/ME_6MONTHS_LINK' is present

2018-07-10 17:52:00 - [MESSAGE][PASSED] - Object 'Object Repository/KPI/DASHBOARD/ME_DASHBOARD/ME_6MONTHS_LINK' is present

2018-07-10 17:52:00 - [TEST_STEP][PASSED] - verifyElementPresent: Object 'Object Repository/KPI/DASHBOARD/ME_DASHBOARD/ME_1YEAR_LINK' is present

2018-07-10 17:52:00 - [MESSAGE][PASSED] - Object 'Object Repository/KPI/DASHBOARD/ME_DASHBOARD/ME_1YEAR_LINK' is present

2018-07-10 17:52:00 - [TEST_STEP][PASSED] - verifyElementPresent: Object 'Object Repository/KPI/DASHBOARD/ME_DASHBOARD/ME_ALL_TIME_LINK' is present

2018-07-10 17:52:00 - [MESSAGE][PASSED] - Object 'Object Repository/KPI/DASHBOARD/ME_DASHBOARD/ME_ALL_TIME_LINK' is present

2018-07-10 17:52:00 - [TEST_STEP][PASSED] - verifyElementPresent: Object 'Object Repository/KPI/DASHBOARD/ME_DASHBOARD/ME_INTERACTIONS_BUTTON' is present

2018-07-10 17:52:00 - [MESSAGE][PASSED] - Object 'Object Repository/KPI/DASHBOARD/ME_DASHBOARD/ME_INTERACTIONS_BUTTON' is present

2018-07-10 17:52:00 - [TEST_STEP][PASSED] - verifyElementPresent: Object 'Object Repository/KPI/DASHBOARD/ME_DASHBOARD/ME_VIEWS_BUTTON' is present

2018-07-10 17:52:00 - [MESSAGE][PASSED] - Object 'Object Repository/KPI/DASHBOARD/ME_DASHBOARD/ME_VIEWS_BUTTON' is present

2018-07-10 17:52:00 - [TEST_STEP][PASSED] - verifyElementPresent: Object 'Object Repository/KPI/DASHBOARD/ME_DASHBOARD/ME_ON_TRACK_BUTTON' is present

2018-07-10 17:52:00 - [MESSAGE][PASSED] - Object 'Object Repository/KPI/DASHBOARD/ME_DASHBOARD/ME_ON_TRACK_BUTTON' is present

2018-07-10 17:52:00 - [TEST_STEP][PASSED] - verifyElementPresent: Object 'Object Repository/KPI/DASHBOARD/ME_DASHBOARD/ME_NEEDS_ACTION_BUTTON' is present

2018-07-10 17:52:00 - [MESSAGE][PASSED] - Object 'Object Repository/KPI/DASHBOARD/ME_DASHBOARD/ME_NEEDS_ACTION_BUTTON' is present

2018-07-10 17:52:00 - [TEST_STEP][PASSED] - verifyElementPresent: Object 'Object Repository/KPI/DASHBOARD/ME_DASHBOARD/ME_LATE_BUTTON' is present

2018-07-10 17:52:00 - [MESSAGE][PASSED] - Object 'Object Repository/KPI/DASHBOARD/ME_DASHBOARD/ME_LATE_BUTTON' is present

2018-07-10 17:52:00 - [TEST_STEP][PASSED] - verifyElementPresent: Object 'Object Repository/KPI/DASHBOARD/ME_DASHBOARD/ME_ACHIEVED_BUTTON' is present

2018-07-10 17:52:00 - [MESSAGE][PASSED] - Object 'Object Repository/KPI/DASHBOARD/ME_DASHBOARD/ME_ACHIEVED_BUTTON' is present

2018-07-10 17:52:00 - [TEST_STEP][PASSED] - verifyElementPresent: Object 'Object Repository/KPI/DASHBOARD/ME_DASHBOARD/ME_ON_TRACK_LINK' is present

2018-07-10 17:52:00 - [MESSAGE][PASSED] - Object 'Object Repository/KPI/DASHBOARD/ME_DASHBOARD/ME_ON_TRACK_LINK' is present

2018-07-10 17:52:00 - [TEST_STEP][PASSED] - verifyElementPresent: Object 'Object Repository/KPI/DASHBOARD/ME_DASHBOARD/ME_NEEDS_ACTION_LINK' is present

2018-07-10 17:52:00 - [MESSAGE][PASSED] - Object 'Object Repository/KPI/DASHBOARD/ME_DASHBOARD/ME_NEEDS_ACTION_LINK' is present

2018-07-10 17:52:00 - [TEST_STEP][PASSED] - verifyElementPresent: Object 'Object Repository/KPI/DASHBOARD/ME_DASHBOARD/ME_LATE_LINK' is present

2018-07-10 17:52:00 - [MESSAGE][PASSED] - Object 'Object Repository/KPI/DASHBOARD/ME_DASHBOARD/ME_LATE_LINK' is present

2018-07-10 17:52:00 - [TEST_STEP][PASSED] - verifyElementPresent: Object 'Object Repository/KPI/DASHBOARD/ME_DASHBOARD/ME_ACHIEVED_LINK' is present

2018-07-10 17:52:00 - [MESSAGE][PASSED] - Object 'Object Repository/KPI/DASHBOARD/ME_DASHBOARD/ME_ACHIEVED_LINK' is present

2018-07-10 17:52:00 - [TEST_STEP][PASSED] - callTestCase: Call Test Case 'Test Cases/SCREEN_VERIFICATION/SOCIAL/Verify if all elements are present in Social' successfully

2018-07-10 17:52:00 - [TEST_CASE][PASSED] - Test Cases/SCREEN_VERIFICATION/SOCIAL/Verify if all elements are present in Social: Test Cases/SCREEN_VERIFICATION/SOCIAL/Verify if all elements are present in Social

2018-07-10 17:52:00 - [TEST_STEP][PASSED] - verifyElementPresent: Object 'Object Repository/SOCIALS/COMMENTS/ADD_COMMENT_TEXTFIELD' is present

2018-07-10 17:52:00 - [MESSAGE][PASSED] - Object 'Object Repository/SOCIALS/COMMENTS/ADD_COMMENT_TEXTFIELD' is present

2018-07-10 17:52:00 - [TEST_STEP][PASSED] - click: Object: 'Object Repository/SOCIALS/COMMENTS/COMMENT_BUTTON' is clicked on

2018-07-10 17:52:00 - [MESSAGE][PASSED] - Object: 'Object Repository/SOCIALS/COMMENTS/COMMENT_BUTTON' is clicked on

2018-07-10 17:52:00 - [TEST_STEP][PASSED] - verifyElementPresent: Object 'Object Repository/SOCIALS/COMMENTS/REQUEST_APPROVAL_BUTTON' is present

2018-07-10 17:52:00 - [MESSAGE][PASSED] - Object 'Object Repository/SOCIALS/COMMENTS/REQUEST_APPROVAL_BUTTON' is present

2018-07-10 17:52:00 - [TEST_STEP][PASSED] - verifyElementPresent: Object 'Object Repository/SOCIALS/COMMENTS/REQUEST_DECISION_BUTTON' is present

2018-07-10 17:52:00 - [MESSAGE][PASSED] - Object 'Object Repository/SOCIALS/COMMENTS/REQUEST_DECISION_BUTTON' is present

2018-07-10 17:52:00 - [TEST_STEP][PASSED] - verifyElementPresent: Object 'Object Repository/SOCIALS/COMMENTS/REQUEST_NOTE_BUTTON' is present

2018-07-10 17:52:00 - [MESSAGE][PASSED] - Object 'Object Repository/SOCIALS/COMMENTS/REQUEST_NOTE_BUTTON' is present

2018-07-10 17:52:00 - [TEST_STEP][PASSED] - verifyElementPresent: Object 'Object Repository/SOCIALS/COMMENTS/REQUEST_RESPONSE_BUTTON' is present

2018-07-10 17:52:00 - [MESSAGE][PASSED] - Object 'Object Repository/SOCIALS/COMMENTS/REQUEST_RESPONSE_BUTTON' is present

2018-07-10 17:52:00 - [TEST_STEP][PASSED] - verifyElementPresent: Object 'Object Repository/SOCIALS/COMMENTS/RESPONSE_AGREE_BUTTON' is present

2018-07-10 17:52:00 - [MESSAGE][PASSED] - Object 'Object Repository/SOCIALS/COMMENTS/RESPONSE_AGREE_BUTTON' is present

2018-07-10 17:52:00 - [TEST_STEP][PASSED] - verifyElementPresent: Object 'Object Repository/SOCIALS/COMMENTS/RESPONSE_APPROVAL_BUTTON' is present

2018-07-10 17:52:00 - [MESSAGE][PASSED] - Object 'Object Repository/SOCIALS/COMMENTS/RESPONSE_APPROVAL_BUTTON' is present

2018-07-10 17:52:00 - [TEST_STEP][PASSED] - verifyElementPresent: Object 'Object Repository/SOCIALS/COMMENTS/RESPONSE_COMMENT_BUTTON' is present

2018-07-10 17:52:01 - [MESSAGE][PASSED] - Object 'Object Repository/SOCIALS/COMMENTS/RESPONSE_COMMENT_BUTTON' is present

2018-07-10 17:52:01 - [TEST_STEP][PASSED] - verifyElementPresent: Object 'Object Repository/SOCIALS/COMMENTS/RESPONSE_DECISION_BUTTON' is present

2018-07-10 17:52:01 - [MESSAGE][PASSED] - Object 'Object Repository/SOCIALS/COMMENTS/RESPONSE_DECISION_BUTTON' is present

2018-07-10 17:52:01 - [TEST_STEP][PASSED] - verifyElementPresent: Object 'Object Repository/SOCIALS/COMMENTS/RESPONSE_DISAGREE_BUTTON' is present

2018-07-10 17:52:01 - [MESSAGE][PASSED] - Object 'Object Repository/SOCIALS/COMMENTS/RESPONSE_DISAGREE_BUTTON' is present

2018-07-10 17:52:01 - [TEST_STEP][PASSED] - verifyElementPresent: Object 'Object Repository/SOCIALS/COMMENTS/RESPONSE_NOTE_BUTTON' is present

2018-07-10 17:52:01 - [MESSAGE][PASSED] - Object 'Object Repository/SOCIALS/COMMENTS/RESPONSE_NOTE_BUTTON' is present

2018-07-10 17:52:01 - [TEST_STEP][PASSED] - verifyElementPresent: Object 'Object Repository/SOCIALS/COMMENTS/RESPONSE_QUESTION_BUTTON' is present

2018-07-10 17:52:01 - [MESSAGE][PASSED] - Object 'Object Repository/SOCIALS/COMMENTS/RESPONSE_QUESTION_BUTTON' is present

2018-07-10 17:52:01 - [TEST_STEP][PASSED] - verifyElementPresent: Object 'Object Repository/SOCIALS/COMMENTS/RESPONSE_TASK_BUTTON' is present

2018-07-10 17:52:01 - [MESSAGE][PASSED] - Object 'Object Repository/SOCIALS/COMMENTS/RESPONSE_TASK_BUTTON' is present

2018-07-10 17:52:01 - [MESSAGE][PASSED] - Call Test Case 'Test Cases/SCREEN_VERIFICATION/SOCIAL/Verify if all elements are present in Social' successfully]]></system-out>
         <system-err><![CDATA[]]></system-err>
      </testcase>
      <testcase name="Test Cases/SCREEN_VERIFICATION/KPI/TRENDING/Verify if all elements are present in KPIs Trending" classname="Test Cases/SCREEN_VERIFICATION/KPI/TRENDING/Verify if all elements are present in KPIs Trending" status="PASSED">
         <system-out><![CDATA[2018-07-10 17:52:01 - [TEST_CASE][PASSED] - Test Cases/SCREEN_VERIFICATION/KPI/TRENDING/Verify if all elements are present in KPIs Trending: Test Cases/SCREEN_VERIFICATION/KPI/TRENDING/Verify if all elements are present in KPIs Trending

2018-07-10 17:52:01 - [TEST_STEP][PASSED] - click: Object: 'Object Repository/HomePage/MENU/KPI_LINK' is clicked on

2018-07-10 17:52:01 - [MESSAGE][PASSED] - Object: 'Object Repository/HomePage/MENU/KPI_LINK' is clicked on

2018-07-10 17:52:01 - [TEST_STEP][PASSED] - waitForElementPresent: Object 'Object Repository/KPI/DASHBOARD/COMPANY_DASHBOARD/COMP_1YEAR_LINK' is present

2018-07-10 17:52:01 - [MESSAGE][PASSED] - Object 'Object Repository/KPI/DASHBOARD/COMPANY_DASHBOARD/COMP_1YEAR_LINK' is present

2018-07-10 17:52:01 - [TEST_STEP][PASSED] - click: Object: 'Object Repository/KPI/TOPICS/TRENDING_LINK' is clicked on

2018-07-10 17:52:01 - [MESSAGE][PASSED] - Object: 'Object Repository/KPI/TOPICS/TRENDING_LINK' is clicked on

2018-07-10 17:52:01 - [TEST_STEP][PASSED] - waitForElementPresent: Object 'Object Repository/KPI/TRENDING/LEADERBOARD_HEADER' is present

2018-07-10 17:52:01 - [MESSAGE][PASSED] - Object 'Object Repository/KPI/TRENDING/LEADERBOARD_HEADER' is present

2018-07-10 17:52:01 - [TEST_STEP][PASSED] - verifyElementPresent: Object 'Object Repository/KPI/TRENDING/LEADERBOARD_HEADER' is present

2018-07-10 17:52:01 - [MESSAGE][PASSED] - Object 'Object Repository/KPI/TRENDING/LEADERBOARD_HEADER' is present

2018-07-10 17:52:01 - [TEST_STEP][PASSED] - callTestCase: Call Test Case 'Test Cases/SCREEN_VERIFICATION/KPI/Verify if KPIs topics were displayed' successfully

2018-07-10 17:52:01 - [TEST_CASE][PASSED] - Test Cases/SCREEN_VERIFICATION/KPI/Verify if KPIs topics were displayed: Test Cases/SCREEN_VERIFICATION/KPI/Verify if KPIs topics were displayed

2018-07-10 17:52:01 - [TEST_STEP][PASSED] - verifyElementPresent: Object 'Object Repository/KPI/TOPICS/DASHBOARD_LINK' is present

2018-07-10 17:52:01 - [MESSAGE][PASSED] - Object 'Object Repository/KPI/TOPICS/DASHBOARD_LINK' is present

2018-07-10 17:52:01 - [TEST_STEP][PASSED] - verifyElementPresent: Object 'Object Repository/KPI/TOPICS/MY_KPI_LINK' is present

2018-07-10 17:52:01 - [MESSAGE][PASSED] - Object 'Object Repository/KPI/TOPICS/MY_KPI_LINK' is present

2018-07-10 17:52:01 - [TEST_STEP][PASSED] - verifyElementPresent: Object 'Object Repository/KPI/TOPICS/SCORECARD_KPI_LINK' is present

2018-07-10 17:52:01 - [MESSAGE][PASSED] - Object 'Object Repository/KPI/TOPICS/SCORECARD_KPI_LINK' is present

2018-07-10 17:52:01 - [TEST_STEP][PASSED] - verifyElementPresent: Object 'Object Repository/KPI/TOPICS/STRATEGIC_KPI_LINK' is present

2018-07-10 17:52:01 - [MESSAGE][PASSED] - Object 'Object Repository/KPI/TOPICS/STRATEGIC_KPI_LINK' is present

2018-07-10 17:52:01 - [TEST_STEP][PASSED] - verifyElementPresent: Object 'Object Repository/KPI/TOPICS/TRENDING_LINK' is present

2018-07-10 17:52:01 - [MESSAGE][PASSED] - Object 'Object Repository/KPI/TOPICS/TRENDING_LINK' is present

2018-07-10 17:52:01 - [MESSAGE][PASSED] - Call Test Case 'Test Cases/SCREEN_VERIFICATION/KPI/Verify if KPIs topics were displayed' successfully

2018-07-10 17:52:01 - [TEST_STEP][PASSED] - verifyElementPresent: Object 'Object Repository/KPI/TRENDING/FILES_HEADER' is present

2018-07-10 17:52:02 - [MESSAGE][PASSED] - Object 'Object Repository/KPI/TRENDING/FILES_HEADER' is present

2018-07-10 17:52:02 - [TEST_STEP][PASSED] - verifyElementPresent: Object 'Object Repository/KPI/TRENDING/SOCIAL_HEADER' is present

2018-07-10 17:52:02 - [MESSAGE][PASSED] - Object 'Object Repository/KPI/TRENDING/SOCIAL_HEADER' is present

2018-07-10 17:52:02 - [TEST_STEP][PASSED] - verifyElementPresent: Object 'Object Repository/KPI/TRENDING/FEED_HEADER' is present

2018-07-10 17:52:02 - [MESSAGE][PASSED] - Object 'Object Repository/KPI/TRENDING/FEED_HEADER' is present

2018-07-10 17:52:02 - [TEST_STEP][PASSED] - callTestCase: Call Test Case 'Test Cases/SCREEN_VERIFICATION/SOCIAL/Verify if all elements are present in Social' successfully

2018-07-10 17:52:02 - [TEST_CASE][PASSED] - Test Cases/SCREEN_VERIFICATION/SOCIAL/Verify if all elements are present in Social: Test Cases/SCREEN_VERIFICATION/SOCIAL/Verify if all elements are present in Social

2018-07-10 17:52:02 - [TEST_STEP][PASSED] - verifyElementPresent: Object 'Object Repository/SOCIALS/COMMENTS/ADD_COMMENT_TEXTFIELD' is present

2018-07-10 17:52:02 - [MESSAGE][PASSED] - Object 'Object Repository/SOCIALS/COMMENTS/ADD_COMMENT_TEXTFIELD' is present

2018-07-10 17:52:02 - [TEST_STEP][PASSED] - click: Object: 'Object Repository/SOCIALS/COMMENTS/COMMENT_BUTTON' is clicked on

2018-07-10 17:52:02 - [MESSAGE][PASSED] - Object: 'Object Repository/SOCIALS/COMMENTS/COMMENT_BUTTON' is clicked on

2018-07-10 17:52:02 - [TEST_STEP][PASSED] - verifyElementPresent: Object 'Object Repository/SOCIALS/COMMENTS/REQUEST_APPROVAL_BUTTON' is present

2018-07-10 17:52:02 - [MESSAGE][PASSED] - Object 'Object Repository/SOCIALS/COMMENTS/REQUEST_APPROVAL_BUTTON' is present

2018-07-10 17:52:02 - [TEST_STEP][PASSED] - verifyElementPresent: Object 'Object Repository/SOCIALS/COMMENTS/REQUEST_DECISION_BUTTON' is present

2018-07-10 17:52:02 - [MESSAGE][PASSED] - Object 'Object Repository/SOCIALS/COMMENTS/REQUEST_DECISION_BUTTON' is present

2018-07-10 17:52:02 - [TEST_STEP][PASSED] - verifyElementPresent: Object 'Object Repository/SOCIALS/COMMENTS/REQUEST_NOTE_BUTTON' is present

2018-07-10 17:52:02 - [MESSAGE][PASSED] - Object 'Object Repository/SOCIALS/COMMENTS/REQUEST_NOTE_BUTTON' is present

2018-07-10 17:52:02 - [TEST_STEP][PASSED] - verifyElementPresent: Object 'Object Repository/SOCIALS/COMMENTS/REQUEST_RESPONSE_BUTTON' is present

2018-07-10 17:52:02 - [MESSAGE][PASSED] - Object 'Object Repository/SOCIALS/COMMENTS/REQUEST_RESPONSE_BUTTON' is present

2018-07-10 17:52:02 - [TEST_STEP][PASSED] - verifyElementPresent: Object 'Object Repository/SOCIALS/COMMENTS/RESPONSE_AGREE_BUTTON' is present

2018-07-10 17:52:02 - [MESSAGE][PASSED] - Object 'Object Repository/SOCIALS/COMMENTS/RESPONSE_AGREE_BUTTON' is present

2018-07-10 17:52:02 - [TEST_STEP][PASSED] - verifyElementPresent: Object 'Object Repository/SOCIALS/COMMENTS/RESPONSE_APPROVAL_BUTTON' is present

2018-07-10 17:52:02 - [MESSAGE][PASSED] - Object 'Object Repository/SOCIALS/COMMENTS/RESPONSE_APPROVAL_BUTTON' is present

2018-07-10 17:52:02 - [TEST_STEP][PASSED] - verifyElementPresent: Object 'Object Repository/SOCIALS/COMMENTS/RESPONSE_COMMENT_BUTTON' is present

2018-07-10 17:52:02 - [MESSAGE][PASSED] - Object 'Object Repository/SOCIALS/COMMENTS/RESPONSE_COMMENT_BUTTON' is present

2018-07-10 17:52:02 - [TEST_STEP][PASSED] - verifyElementPresent: Object 'Object Repository/SOCIALS/COMMENTS/RESPONSE_DECISION_BUTTON' is present

2018-07-10 17:52:02 - [MESSAGE][PASSED] - Object 'Object Repository/SOCIALS/COMMENTS/RESPONSE_DECISION_BUTTON' is present

2018-07-10 17:52:02 - [TEST_STEP][PASSED] - verifyElementPresent: Object 'Object Repository/SOCIALS/COMMENTS/RESPONSE_DISAGREE_BUTTON' is present

2018-07-10 17:52:02 - [MESSAGE][PASSED] - Object 'Object Repository/SOCIALS/COMMENTS/RESPONSE_DISAGREE_BUTTON' is present

2018-07-10 17:52:02 - [TEST_STEP][PASSED] - verifyElementPresent: Object 'Object Repository/SOCIALS/COMMENTS/RESPONSE_NOTE_BUTTON' is present

2018-07-10 17:52:02 - [MESSAGE][PASSED] - Object 'Object Repository/SOCIALS/COMMENTS/RESPONSE_NOTE_BUTTON' is present

2018-07-10 17:52:02 - [TEST_STEP][PASSED] - verifyElementPresent: Object 'Object Repository/SOCIALS/COMMENTS/RESPONSE_QUESTION_BUTTON' is present

2018-07-10 17:52:02 - [MESSAGE][PASSED] - Object 'Object Repository/SOCIALS/COMMENTS/RESPONSE_QUESTION_BUTTON' is present

2018-07-10 17:52:02 - [TEST_STEP][PASSED] - verifyElementPresent: Object 'Object Repository/SOCIALS/COMMENTS/RESPONSE_TASK_BUTTON' is present

2018-07-10 17:52:02 - [MESSAGE][PASSED] - Object 'Object Repository/SOCIALS/COMMENTS/RESPONSE_TASK_BUTTON' is present

2018-07-10 17:52:02 - [MESSAGE][PASSED] - Call Test Case 'Test Cases/SCREEN_VERIFICATION/SOCIAL/Verify if all elements are present in Social' successfully

2018-07-10 17:52:02 - [TEST_STEP][PASSED] - takeScreenshot: Taking screenshot successfully

2018-07-10 17:52:02 - [MESSAGE][PASSED] - Taking screenshot successfully
[[ATTACHMENT|C:\\Users\\jmanzanares\\git\\StartApp\\Reports\\test\\20180710_175129\\1531216322465.png]]]]></system-out>
         <system-err><![CDATA[]]></system-err>
      </testcase>
      <testcase name="Test Cases/SCREEN_VERIFICATION/IDEATION/Verify if Ideation topics were displayed" classname="Test Cases/SCREEN_VERIFICATION/IDEATION/Verify if Ideation topics were displayed" status="PASSED">
         <system-out><![CDATA[2018-07-10 17:52:02 - [TEST_CASE][PASSED] - Test Cases/SCREEN_VERIFICATION/IDEATION/Verify if Ideation topics were displayed: Test Cases/SCREEN_VERIFICATION/IDEATION/Verify if Ideation topics were displayed

2018-07-10 17:52:02 - [TEST_STEP][PASSED] - click: Object: 'Object Repository/HomePage/MENU/IDEATION_LINK' is clicked on

2018-07-10 17:52:03 - [MESSAGE][PASSED] - Object: 'Object Repository/HomePage/MENU/IDEATION_LINK' is clicked on

2018-07-10 17:52:03 - [TEST_STEP][PASSED] - waitForElementPresent: Object 'Object Repository/IDEATION/DASHBOARD_LINK' is present

2018-07-10 17:52:03 - [MESSAGE][PASSED] - Object 'Object Repository/IDEATION/DASHBOARD_LINK' is present

2018-07-10 17:52:03 - [TEST_STEP][PASSED] - verifyElementPresent: Object 'Object Repository/IDEATION/DASHBOARD_LINK' is present

2018-07-10 17:52:03 - [MESSAGE][PASSED] - Object 'Object Repository/IDEATION/DASHBOARD_LINK' is present

2018-07-10 17:52:03 - [TEST_STEP][PASSED] - verifyElementPresent: Object 'Object Repository/IDEATION/CHALLENGES_LINK' is present

2018-07-10 17:52:04 - [MESSAGE][PASSED] - Object 'Object Repository/IDEATION/CHALLENGES_LINK' is present

2018-07-10 17:52:04 - [TEST_STEP][PASSED] - verifyElementPresent: Object 'Object Repository/IDEATION/IDEAS_LINK' is present

2018-07-10 17:52:04 - [MESSAGE][PASSED] - Object 'Object Repository/IDEATION/IDEAS_LINK' is present

2018-07-10 17:52:04 - [TEST_STEP][PASSED] - verifyElementPresent: Object 'Object Repository/IDEATION/INNOVATORS_LINK' is present

2018-07-10 17:52:04 - [MESSAGE][PASSED] - Object 'Object Repository/IDEATION/INNOVATORS_LINK' is present]]></system-out>
         <system-err><![CDATA[]]></system-err>
      </testcase>
      <testcase name="Test Cases/SCREEN_VERIFICATION/STRATEGY/Verify if all elements are present in Strategy Dashboard" classname="Test Cases/SCREEN_VERIFICATION/STRATEGY/Verify if all elements are present in Strategy Dashboard" status="FAILED">
         <failure type="FAILED" message="Unable to click on object 'Object Repository/STRATEGY/TOPICS/DIRECTION_LINK' (Root cause: org.openqa.selenium.WebDriverException: unknown error: Element &lt;a _ngcontent-c60=&quot;&quot; class=&quot;nav-link&quot; href=&quot;/strategy/strategic-...&quot; routerlink=&quot;/strategy/strategic-direction&quot; routerlinkactive=&quot;active&quot;>direction&lt;/a> is not clickable at point (480, 69). Other element would receive the click: &lt;div _ngcontent-c51=&quot;&quot; class=&quot;navbar-title navbar-dark collapse navbar-collapse&quot; id=&quot;navbarTogglerDemo02&quot;>...&lt;/div>
  (Session info: chrome=67.0.3396.99)
  (Driver info: chromedriver=2.35.528161 (5b82f2d2aae0ca24b877009200ced9065a772e73),platform=Windows NT 10.0.14393 x86_64) (WARNING: The server did not provide any stacktrace information)
Command duration or timeout: 0 milliseconds
Build info: version: '3.7.1', revision: '8a0099a', time: '2017-11-06T21:07:36.161Z'
System info: host: 'YSPC-STRATAPPQA', ip: '192.168.1.74', os.name: 'Windows 10', os.arch: 'amd64', os.version: '10.0', java.version: '1.8.0_102'
Driver info: com.kms.katalon.selenium.driver.CChromeDriver
Capabilities {acceptInsecureCerts: false, acceptSslCerts: false, applicationCacheEnabled: false, browserConnectionEnabled: false, browserName: chrome, chrome: {chromedriverVersion: 2.35.528161 (5b82f2d2aae0ca..., userDataDir: C:\Users\JMANZA~1\AppData\L...}, cssSelectorsEnabled: true, databaseEnabled: false, handlesAlerts: true, hasTouchScreen: false, javascriptEnabled: true, locationContextEnabled: true, mobileEmulationEnabled: false, nativeEvents: true, networkConnectionEnabled: false, pageLoadStrategy: normal, platform: XP, platformName: XP, rotatable: false, setWindowRect: true, takesHeapSnapshot: true, takesScreenshot: true, unexpectedAlertBehaviour: , unhandledPromptBehavior: , version: 67.0.3396.99, webStorageEnabled: true}
Session ID: 7e685a6917713265e8aab94657f86ef2)"/>
         <system-out><![CDATA[2018-07-10 17:52:04 - [TEST_CASE][FAILED] - Test Cases/SCREEN_VERIFICATION/STRATEGY/Verify if all elements are present in Strategy Dashboard: Test Cases/SCREEN_VERIFICATION/STRATEGY/Verify if all elements are present in Strategy Dashboard FAILED because (of) Unable to click on object 'Object Repository/STRATEGY/TOPICS/DIRECTION_LINK' (Root cause: org.openqa.selenium.WebDriverException: unknown error: Element <a _ngcontent-c60="" class="nav-link" href="/strategy/strategic-..." routerlink="/strategy/strategic-direction" routerlinkactive="active">direction</a> is not clickable at point (480, 69). Other element would receive the click: <div _ngcontent-c51="" class="navbar-title navbar-dark collapse navbar-collapse" id="navbarTogglerDemo02">...</div>
  (Session info: chrome=67.0.3396.99)
  (Driver info: chromedriver=2.35.528161 (5b82f2d2aae0ca24b877009200ced9065a772e73),platform=Windows NT 10.0.14393 x86_64) (WARNING: The server did not provide any stacktrace information)
Command duration or timeout: 0 milliseconds
Build info: version: '3.7.1', revision: '8a0099a', time: '2017-11-06T21:07:36.161Z'
System info: host: 'YSPC-STRATAPPQA', ip: '192.168.1.74', os.name: 'Windows 10', os.arch: 'amd64', os.version: '10.0', java.version: '1.8.0_102'
Driver info: com.kms.katalon.selenium.driver.CChromeDriver
Capabilities {acceptInsecureCerts: false, acceptSslCerts: false, applicationCacheEnabled: false, browserConnectionEnabled: false, browserName: chrome, chrome: {chromedriverVersion: 2.35.528161 (5b82f2d2aae0ca..., userDataDir: C:\Users\JMANZA~1\AppData\L...}, cssSelectorsEnabled: true, databaseEnabled: false, handlesAlerts: true, hasTouchScreen: false, javascriptEnabled: true, locationContextEnabled: true, mobileEmulationEnabled: false, nativeEvents: true, networkConnectionEnabled: false, pageLoadStrategy: normal, platform: XP, platformName: XP, rotatable: false, setWindowRect: true, takesHeapSnapshot: true, takesScreenshot: true, unexpectedAlertBehaviour: , unhandledPromptBehavior: , version: 67.0.3396.99, webStorageEnabled: true}
Session ID: 7e685a6917713265e8aab94657f86ef2)

2018-07-10 17:52:04 - [TEST_STEP][PASSED] - click: Object: 'Object Repository/HomePage/MENU/STRATEGY_LINK' is clicked on

2018-07-10 17:52:04 - [MESSAGE][PASSED] - Object: 'Object Repository/HomePage/MENU/STRATEGY_LINK' is clicked on

2018-07-10 17:52:04 - [TEST_STEP][PASSED] - waitForElementPresent: Object 'Object Repository/STRATEGY/TOPICS/STRAT_PLAN_LINK' is present

2018-07-10 17:52:04 - [MESSAGE][PASSED] - Object 'Object Repository/STRATEGY/TOPICS/STRAT_PLAN_LINK' is present

2018-07-10 17:52:04 - [TEST_STEP][FAILED] - click: Unable to click on object 'Object Repository/STRATEGY/TOPICS/DIRECTION_LINK' (Root cause: org.openqa.selenium.WebDriverException: unknown error: Element <a _ngcontent-c60="" class="nav-link" href="/strategy/strategic-..." routerlink="/strategy/strategic-direction" routerlinkactive="active">direction</a> is not clickable at point (480, 69). Other element would receive the click: <div _ngcontent-c51="" class="navbar-title navbar-dark collapse navbar-collapse" id="navbarTogglerDemo02">...</div>
  (Session info: chrome=67.0.3396.99)
  (Driver info: chromedriver=2.35.528161 (5b82f2d2aae0ca24b877009200ced9065a772e73),platform=Windows NT 10.0.14393 x86_64) (WARNING: The server did not provide any stacktrace information)
Command duration or timeout: 0 milliseconds
Build info: version: '3.7.1', revision: '8a0099a', time: '2017-11-06T21:07:36.161Z'
System info: host: 'YSPC-STRATAPPQA', ip: '192.168.1.74', os.name: 'Windows 10', os.arch: 'amd64', os.version: '10.0', java.version: '1.8.0_102'
Driver info: com.kms.katalon.selenium.driver.CChromeDriver
Capabilities {acceptInsecureCerts: false, acceptSslCerts: false, applicationCacheEnabled: false, browserConnectionEnabled: false, browserName: chrome, chrome: {chromedriverVersion: 2.35.528161 (5b82f2d2aae0ca..., userDataDir: C:\Users\JMANZA~1\AppData\L...}, cssSelectorsEnabled: true, databaseEnabled: false, handlesAlerts: true, hasTouchScreen: false, javascriptEnabled: true, locationContextEnabled: true, mobileEmulationEnabled: false, nativeEvents: true, networkConnectionEnabled: false, pageLoadStrategy: normal, platform: XP, platformName: XP, rotatable: false, setWindowRect: true, takesHeapSnapshot: true, takesScreenshot: true, unexpectedAlertBehaviour: , unhandledPromptBehavior: , version: 67.0.3396.99, webStorageEnabled: true}
Session ID: 7e685a6917713265e8aab94657f86ef2)

2018-07-10 17:52:05 - [MESSAGE][FAILED] - Unable to click on object 'Object Repository/STRATEGY/TOPICS/DIRECTION_LINK' (Root cause: org.openqa.selenium.WebDriverException: unknown error: Element <a _ngcontent-c60="" class="nav-link" href="/strategy/strategic-..." routerlink="/strategy/strategic-direction" routerlinkactive="active">direction</a> is not clickable at point (480, 69). Other element would receive the click: <div _ngcontent-c51="" class="navbar-title navbar-dark collapse navbar-collapse" id="navbarTogglerDemo02">...</div>
  (Session info: chrome=67.0.3396.99)
  (Driver info: chromedriver=2.35.528161 (5b82f2d2aae0ca24b877009200ced9065a772e73),platform=Windows NT 10.0.14393 x86_64) (WARNING: The server did not provide any stacktrace information)
Command duration or timeout: 0 milliseconds
Build info: version: '3.7.1', revision: '8a0099a', time: '2017-11-06T21:07:36.161Z'
System info: host: 'YSPC-STRATAPPQA', ip: '192.168.1.74', os.name: 'Windows 10', os.arch: 'amd64', os.version: '10.0', java.version: '1.8.0_102'
Driver info: com.kms.katalon.selenium.driver.CChromeDriver
Capabilities {acceptInsecureCerts: false, acceptSslCerts: false, applicationCacheEnabled: false, browserConnectionEnabled: false, browserName: chrome, chrome: {chromedriverVersion: 2.35.528161 (5b82f2d2aae0ca..., userDataDir: C:\Users\JMANZA~1\AppData\L...}, cssSelectorsEnabled: true, databaseEnabled: false, handlesAlerts: true, hasTouchScreen: false, javascriptEnabled: true, locationContextEnabled: true, mobileEmulationEnabled: false, nativeEvents: true, networkConnectionEnabled: false, pageLoadStrategy: normal, platform: XP, platformName: XP, rotatable: false, setWindowRect: true, takesHeapSnapshot: true, takesScreenshot: true, unexpectedAlertBehaviour: , unhandledPromptBehavior: , version: 67.0.3396.99, webStorageEnabled: true}
Session ID: 7e685a6917713265e8aab94657f86ef2)
[[ATTACHMENT|C:\\Users\\jmanzanares\\git\\StartApp\\Reports\\test\\20180710_175129\\1531216324759.png]]]]></system-out>
         <system-err><![CDATA[2018-07-10 17:52:04 - [TEST_CASE][FAILED] - Test Cases/SCREEN_VERIFICATION/STRATEGY/Verify if all elements are present in Strategy Dashboard: Test Cases/SCREEN_VERIFICATION/STRATEGY/Verify if all elements are present in Strategy Dashboard FAILED because (of) Unable to click on object 'Object Repository/STRATEGY/TOPICS/DIRECTION_LINK' (Root cause: org.openqa.selenium.WebDriverException: unknown error: Element <a _ngcontent-c60="" class="nav-link" href="/strategy/strategic-..." routerlink="/strategy/strategic-direction" routerlinkactive="active">direction</a> is not clickable at point (480, 69). Other element would receive the click: <div _ngcontent-c51="" class="navbar-title navbar-dark collapse navbar-collapse" id="navbarTogglerDemo02">...</div>
  (Session info: chrome=67.0.3396.99)
  (Driver info: chromedriver=2.35.528161 (5b82f2d2aae0ca24b877009200ced9065a772e73),platform=Windows NT 10.0.14393 x86_64) (WARNING: The server did not provide any stacktrace information)
Command duration or timeout: 0 milliseconds
Build info: version: '3.7.1', revision: '8a0099a', time: '2017-11-06T21:07:36.161Z'
System info: host: 'YSPC-STRATAPPQA', ip: '192.168.1.74', os.name: 'Windows 10', os.arch: 'amd64', os.version: '10.0', java.version: '1.8.0_102'
Driver info: com.kms.katalon.selenium.driver.CChromeDriver
Capabilities {acceptInsecureCerts: false, acceptSslCerts: false, applicationCacheEnabled: false, browserConnectionEnabled: false, browserName: chrome, chrome: {chromedriverVersion: 2.35.528161 (5b82f2d2aae0ca..., userDataDir: C:\Users\JMANZA~1\AppData\L...}, cssSelectorsEnabled: true, databaseEnabled: false, handlesAlerts: true, hasTouchScreen: false, javascriptEnabled: true, locationContextEnabled: true, mobileEmulationEnabled: false, nativeEvents: true, networkConnectionEnabled: false, pageLoadStrategy: normal, platform: XP, platformName: XP, rotatable: false, setWindowRect: true, takesHeapSnapshot: true, takesScreenshot: true, unexpectedAlertBehaviour: , unhandledPromptBehavior: , version: 67.0.3396.99, webStorageEnabled: true}
Session ID: 7e685a6917713265e8aab94657f86ef2)]]></system-err>
      </testcase>
      <system-out><![CDATA[2018-07-10 17:51:31 - [TEST_SUITE][FAILED] - test: Test Cases/SCREEN_VERIFICATION/STRATEGY/Verify if all elements are present in Strategy Dashboard FAILED because (of) Unable to click on object 'Object Repository/STRATEGY/TOPICS/DIRECTION_LINK' (Root cause: org.openqa.selenium.WebDriverException: unknown error: Element <a _ngcontent-c60="" class="nav-link" href="/strategy/strategic-..." routerlink="/strategy/strategic-direction" routerlinkactive="active">direction</a> is not clickable at point (480, 69). Other element would receive the click: <div _ngcontent-c51="" class="navbar-title navbar-dark collapse navbar-collapse" id="navbarTogglerDemo02">...</div>
  (Session info: chrome=67.0.3396.99)
  (Driver info: chromedriver=2.35.528161 (5b82f2d2aae0ca24b877009200ced9065a772e73),platform=Windows NT 10.0.14393 x86_64) (WARNING: The server did not provide any stacktrace information)
Command duration or timeout: 0 milliseconds
Build info: version: '3.7.1', revision: '8a0099a', time: '2017-11-06T21:07:36.161Z'
System info: host: 'YSPC-STRATAPPQA', ip: '192.168.1.74', os.name: 'Windows 10', os.arch: 'amd64', os.version: '10.0', java.version: '1.8.0_102'
Driver info: com.kms.katalon.selenium.driver.CChromeDriver
Capabilities {acceptInsecureCerts: false, acceptSslCerts: false, applicationCacheEnabled: false, browserConnectionEnabled: false, browserName: chrome, chrome: {chromedriverVersion: 2.35.528161 (5b82f2d2aae0ca..., userDataDir: C:\Users\JMANZA~1\AppData\L...}, cssSelectorsEnabled: true, databaseEnabled: false, handlesAlerts: true, hasTouchScreen: false, javascriptEnabled: true, locationContextEnabled: true, mobileEmulationEnabled: false, nativeEvents: true, networkConnectionEnabled: false, pageLoadStrategy: normal, platform: XP, platformName: XP, rotatable: false, setWindowRect: true, takesHeapSnapshot: true, takesScreenshot: true, unexpectedAlertBehaviour: , unhandledPromptBehavior: , version: 67.0.3396.99, webStorageEnabled: true}
Session ID: 7e685a6917713265e8aab94657f86ef2)]]></system-out>
      <system-err><![CDATA[2018-07-10 17:51:31 - [TEST_SUITE][FAILED] - test: Test Cases/SCREEN_VERIFICATION/STRATEGY/Verify if all elements are present in Strategy Dashboard FAILED because (of) Unable to click on object 'Object Repository/STRATEGY/TOPICS/DIRECTION_LINK' (Root cause: org.openqa.selenium.WebDriverException: unknown error: Element <a _ngcontent-c60="" class="nav-link" href="/strategy/strategic-..." routerlink="/strategy/strategic-direction" routerlinkactive="active">direction</a> is not clickable at point (480, 69). Other element would receive the click: <div _ngcontent-c51="" class="navbar-title navbar-dark collapse navbar-collapse" id="navbarTogglerDemo02">...</div>
  (Session info: chrome=67.0.3396.99)
  (Driver info: chromedriver=2.35.528161 (5b82f2d2aae0ca24b877009200ced9065a772e73),platform=Windows NT 10.0.14393 x86_64) (WARNING: The server did not provide any stacktrace information)
Command duration or timeout: 0 milliseconds
Build info: version: '3.7.1', revision: '8a0099a', time: '2017-11-06T21:07:36.161Z'
System info: host: 'YSPC-STRATAPPQA', ip: '192.168.1.74', os.name: 'Windows 10', os.arch: 'amd64', os.version: '10.0', java.version: '1.8.0_102'
Driver info: com.kms.katalon.selenium.driver.CChromeDriver
Capabilities {acceptInsecureCerts: false, acceptSslCerts: false, applicationCacheEnabled: false, browserConnectionEnabled: false, browserName: chrome, chrome: {chromedriverVersion: 2.35.528161 (5b82f2d2aae0ca..., userDataDir: C:\Users\JMANZA~1\AppData\L...}, cssSelectorsEnabled: true, databaseEnabled: false, handlesAlerts: true, hasTouchScreen: false, javascriptEnabled: true, locationContextEnabled: true, mobileEmulationEnabled: false, nativeEvents: true, networkConnectionEnabled: false, pageLoadStrategy: normal, platform: XP, platformName: XP, rotatable: false, setWindowRect: true, takesHeapSnapshot: true, takesScreenshot: true, unexpectedAlertBehaviour: , unhandledPromptBehavior: , version: 67.0.3396.99, webStorageEnabled: true}
Session ID: 7e685a6917713265e8aab94657f86ef2)]]></system-err>
   </testsuite>
</testsuites>
